{"timestamp":"2026-06-28T21:57:10.514315","level":"info","event":"DAG bundles loaded: dags-folder","logger":"airflow.dag_processing.bundles.manager.DagBundlesManager"}
{"timestamp":"2026-06-28T21:57:10.516378","level":"info","event":"Filling up the DagBag from /opt/airflow/dags/dbt.py","logger":"airflow.models.dagbag.DagBag"}
{"timestamp":"2026-06-28T21:57:11.814332","level":"info","event":"Tmp dir root location: /tmp","logger":"airflow.task.hooks.airflow.providers.standard.hooks.subprocess.SubprocessHook"}
{"timestamp":"2026-06-28T21:57:11.816909","level":"info","event":"Running command: ['/usr/bin/bash', '-c', 'docker exec spark-worker-1                     /opt/spark/bin/spark-submit                     --conf spark.jars.ivy=/tmp/.ivy                     --packages org.apache.spark:spark-sql-kafka-0-10_2.12:3.5.1                    ,org.apache.hadoop:hadoop-aws:3.3.4,com.amazonaws:aws-java-sdk-bundle:1.12.262,io.delta:delta-spark_2.12:3.2.0                     /opt/spark-apps/silver_delta.py']","logger":"airflow.task.hooks.airflow.providers.standard.hooks.subprocess.SubprocessHook"}
{"timestamp":"2026-06-28T21:57:11.862081","level":"info","event":"Output:","logger":"airflow.task.hooks.airflow.providers.standard.hooks.subprocess.SubprocessHook"}
{"timestamp":"2026-06-28T21:57:15.846664","level":"info","event":":: loading settings :: url = jar:file:/opt/spark/jars/ivy-2.5.1.jar!/org/apache/ivy/core/settings/ivysettings.xml","logger":"airflow.task.hooks.airflow.providers.standard.hooks.subprocess.SubprocessHook"}
{"timestamp":"2026-06-28T21:57:16.027760","level":"info","event":"Ivy Default Cache set to: /tmp/.ivy/cache","logger":"airflow.task.hooks.airflow.providers.standard.hooks.subprocess.SubprocessHook"}
{"timestamp":"2026-06-28T21:57:16.028153","level":"info","event":"The jars for the packages stored in: /tmp/.ivy/jars","logger":"airflow.task.hooks.airflow.providers.standard.hooks.subprocess.SubprocessHook"}
{"timestamp":"2026-06-28T21:57:16.041836","level":"info","event":"org.apache.spark#spark-sql-kafka-0-10_2.12 added as a dependency","logger":"airflow.task.hooks.airflow.providers.standard.hooks.subprocess.SubprocessHook"}
{"timestamp":"2026-06-28T21:57:16.043637","level":"info","event":":: resolving dependencies :: org.apache.spark#spark-submit-parent-256346a5-a52f-4d12-a530-913b976a76ff;1.0","logger":"airflow.task.hooks.airflow.providers.standard.hooks.subprocess.SubprocessHook"}
{"timestamp":"2026-06-28T21:57:16.044028","level":"info","event":"\tconfs: [default]","logger":"airflow.task.hooks.airflow.providers.standard.hooks.subprocess.SubprocessHook"}
{"timestamp":"2026-06-28T21:57:16.344792","level":"info","event":"\tfound org.apache.spark#spark-sql-kafka-0-10_2.12;3.5.1 in central","logger":"airflow.task.hooks.airflow.providers.standard.hooks.subprocess.SubprocessHook"}
{"timestamp":"2026-06-28T21:57:16.455129","level":"info","event":"\tfound org.apache.spark#spark-token-provider-kafka-0-10_2.12;3.5.1 in central","logger":"airflow.task.hooks.airflow.providers.standard.hooks.subprocess.SubprocessHook"}
{"timestamp":"2026-06-28T21:57:16.506537","level":"info","event":"\tfound org.apache.kafka#kafka-clients;3.4.1 in central","logger":"airflow.task.hooks.airflow.providers.standard.hooks.subprocess.SubprocessHook"}
{"timestamp":"2026-06-28T21:57:16.549999","level":"info","event":"\tfound org.lz4#lz4-java;1.8.0 in central","logger":"airflow.task.hooks.airflow.providers.standard.hooks.subprocess.SubprocessHook"}
{"timestamp":"2026-06-28T21:57:16.592547","level":"info","event":"\tfound org.xerial.snappy#snappy-java;1.1.10.3 in central","logger":"airflow.task.hooks.airflow.providers.standard.hooks.subprocess.SubprocessHook"}
{"timestamp":"2026-06-28T21:57:16.635099","level":"info","event":"\tfound org.slf4j#slf4j-api;2.0.7 in central","logger":"airflow.task.hooks.airflow.providers.standard.hooks.subprocess.SubprocessHook"}
{"timestamp":"2026-06-28T21:57:16.687119","level":"info","event":"\tfound org.apache.hadoop#hadoop-client-runtime;3.3.4 in central","logger":"airflow.task.hooks.airflow.providers.standard.hooks.subprocess.SubprocessHook"}
{"timestamp":"2026-06-28T21:57:16.742402","level":"info","event":"\tfound org.apache.hadoop#hadoop-client-api;3.3.4 in central","logger":"airflow.task.hooks.airflow.providers.standard.hooks.subprocess.SubprocessHook"}
{"timestamp":"2026-06-28T21:57:16.792515","level":"info","event":"\tfound commons-logging#commons-logging;1.1.3 in central","logger":"airflow.task.hooks.airflow.providers.standard.hooks.subprocess.SubprocessHook"}
{"timestamp":"2026-06-28T21:57:16.828292","level":"info","event":"\tfound com.google.code.findbugs#jsr305;3.0.0 in central","logger":"airflow.task.hooks.airflow.providers.standard.hooks.subprocess.SubprocessHook"}
{"timestamp":"2026-06-28T21:57:16.860983","level":"info","event":"\tfound org.apache.commons#commons-pool2;2.11.1 in central","logger":"airflow.task.hooks.airflow.providers.standard.hooks.subprocess.SubprocessHook"}
{"timestamp":"2026-06-28T21:57:16.929786","level":"info","event":":: resolution report :: resolve 847ms :: artifacts dl 39ms","logger":"airflow.task.hooks.airflow.providers.standard.hooks.subprocess.SubprocessHook"}
{"timestamp":"2026-06-28T21:57:16.930556","level":"info","event":"\t:: modules in use:","logger":"airflow.task.hooks.airflow.providers.standard.hooks.subprocess.SubprocessHook"}
{"timestamp":"2026-06-28T21:57:16.930915","level":"info","event":"\tcom.google.code.findbugs#jsr305;3.0.0 from central in [default]","logger":"airflow.task.hooks.airflow.providers.standard.hooks.subprocess.SubprocessHook"}
{"timestamp":"2026-06-28T21:57:16.931159","level":"info","event":"\tcommons-logging#commons-logging;1.1.3 from central in [default]","logger":"airflow.task.hooks.airflow.providers.standard.hooks.subprocess.SubprocessHook"}
{"timestamp":"2026-06-28T21:57:16.931426","level":"info","event":"\torg.apache.commons#commons-pool2;2.11.1 from central in [default]","logger":"airflow.task.hooks.airflow.providers.standard.hooks.subprocess.SubprocessHook"}
{"timestamp":"2026-06-28T21:57:16.931653","level":"info","event":"\torg.apache.hadoop#hadoop-client-api;3.3.4 from central in [default]","logger":"airflow.task.hooks.airflow.providers.standard.hooks.subprocess.SubprocessHook"}
{"timestamp":"2026-06-28T21:57:16.931852","level":"info","event":"\torg.apache.hadoop#hadoop-client-runtime;3.3.4 from central in [default]","logger":"airflow.task.hooks.airflow.providers.standard.hooks.subprocess.SubprocessHook"}
{"timestamp":"2026-06-28T21:57:16.932040","level":"info","event":"\torg.apache.kafka#kafka-clients;3.4.1 from central in [default]","logger":"airflow.task.hooks.airflow.providers.standard.hooks.subprocess.SubprocessHook"}
{"timestamp":"2026-06-28T21:57:16.932264","level":"info","event":"\torg.apache.spark#spark-sql-kafka-0-10_2.12;3.5.1 from central in [default]","logger":"airflow.task.hooks.airflow.providers.standard.hooks.subprocess.SubprocessHook"}
{"timestamp":"2026-06-28T21:57:16.932792","level":"info","event":"\torg.apache.spark#spark-token-provider-kafka-0-10_2.12;3.5.1 from central in [default]","logger":"airflow.task.hooks.airflow.providers.standard.hooks.subprocess.SubprocessHook"}
{"timestamp":"2026-06-28T21:57:16.933675","level":"info","event":"\torg.lz4#lz4-java;1.8.0 from central in [default]","logger":"airflow.task.hooks.airflow.providers.standard.hooks.subprocess.SubprocessHook"}
{"timestamp":"2026-06-28T21:57:16.934192","level":"info","event":"\torg.slf4j#slf4j-api;2.0.7 from central in [default]","logger":"airflow.task.hooks.airflow.providers.standard.hooks.subprocess.SubprocessHook"}
{"timestamp":"2026-06-28T21:57:16.934476","level":"info","event":"\torg.xerial.snappy#snappy-java;1.1.10.3 from central in [default]","logger":"airflow.task.hooks.airflow.providers.standard.hooks.subprocess.SubprocessHook"}
{"timestamp":"2026-06-28T21:57:16.934918","level":"info","event":"\t---------------------------------------------------------------------","logger":"airflow.task.hooks.airflow.providers.standard.hooks.subprocess.SubprocessHook"}
{"timestamp":"2026-06-28T21:57:16.935125","level":"info","event":"\t|                  |            modules            ||   artifacts   |","logger":"airflow.task.hooks.airflow.providers.standard.hooks.subprocess.SubprocessHook"}
{"timestamp":"2026-06-28T21:57:16.935257","level":"info","event":"\t|       conf       | number| search|dwnlded|evicted|| number|dwnlded|","logger":"airflow.task.hooks.airflow.providers.standard.hooks.subprocess.SubprocessHook"}
{"timestamp":"2026-06-28T21:57:16.935444","level":"info","event":"\t---------------------------------------------------------------------","logger":"airflow.task.hooks.airflow.providers.standard.hooks.subprocess.SubprocessHook"}
{"timestamp":"2026-06-28T21:57:16.935588","level":"info","event":"\t|      default     |   11  |   0   |   0   |   0   ||   11  |   0   |","logger":"airflow.task.hooks.airflow.providers.standard.hooks.subprocess.SubprocessHook"}
{"timestamp":"2026-06-28T21:57:16.935695","level":"info","event":"\t---------------------------------------------------------------------","logger":"airflow.task.hooks.airflow.providers.standard.hooks.subprocess.SubprocessHook"}
{"timestamp":"2026-06-28T21:57:16.951810","level":"info","event":":: retrieving :: org.apache.spark#spark-submit-parent-256346a5-a52f-4d12-a530-913b976a76ff","logger":"airflow.task.hooks.airflow.providers.standard.hooks.subprocess.SubprocessHook"}
{"timestamp":"2026-06-28T21:57:16.952215","level":"info","event":"\tconfs: [default]","logger":"airflow.task.hooks.airflow.providers.standard.hooks.subprocess.SubprocessHook"}
{"timestamp":"2026-06-28T21:57:17.002597","level":"info","event":"\t0 artifacts copied, 11 already retrieved (0kB/50ms)","logger":"airflow.task.hooks.airflow.providers.standard.hooks.subprocess.SubprocessHook"}
{"timestamp":"2026-06-28T21:57:17.546732","level":"info","event":"26/06/28 21:57:17 WARN NativeCodeLoader: Unable to load native-hadoop library for your platform... using builtin-java classes where applicable","logger":"airflow.task.hooks.airflow.providers.standard.hooks.subprocess.SubprocessHook"}
{"timestamp":"2026-06-28T21:57:17.876971","level":"info","event":"Exception in thread \"main\" org.apache.spark.SparkException: Failed to get main class in JAR with error 'File file:/opt/spark/work-dir/,org.apache.hadoop:hadoop-aws:3.3.4,com.amazonaws:aws-java-sdk-bundle:1.12.262,io.delta:delta-spark_2.12:3.2.0 does not exist'.  Please specify one with --class.","logger":"airflow.task.hooks.airflow.providers.standard.hooks.subprocess.SubprocessHook"}
{"timestamp":"2026-06-28T21:57:17.877357","level":"info","event":"\tat org.apache.spark.deploy.SparkSubmit.error(SparkSubmit.scala:1047)","logger":"airflow.task.hooks.airflow.providers.standard.hooks.subprocess.SubprocessHook"}
{"timestamp":"2026-06-28T21:57:17.877632","level":"info","event":"\tat org.apache.spark.deploy.SparkSubmit.prepareSubmitEnvironment(SparkSubmit.scala:528)","logger":"airflow.task.hooks.airflow.providers.standard.hooks.subprocess.SubprocessHook"}
{"timestamp":"2026-06-28T21:57:17.877903","level":"info","event":"\tat org.apache.spark.deploy.SparkSubmit.org$apache$spark$deploy$SparkSubmit$$runMain(SparkSubmit.scala:964)","logger":"airflow.task.hooks.airflow.providers.standard.hooks.subprocess.SubprocessHook"}
{"timestamp":"2026-06-28T21:57:17.878122","level":"info","event":"\tat org.apache.spark.deploy.SparkSubmit.doRunMain$1(SparkSubmit.scala:194)","logger":"airflow.task.hooks.airflow.providers.standard.hooks.subprocess.SubprocessHook"}
{"timestamp":"2026-06-28T21:57:17.878309","level":"info","event":"\tat org.apache.spark.deploy.SparkSubmit.submit(SparkSubmit.scala:217)","logger":"airflow.task.hooks.airflow.providers.standard.hooks.subprocess.SubprocessHook"}
{"timestamp":"2026-06-28T21:57:17.878551","level":"info","event":"\tat org.apache.spark.deploy.SparkSubmit.doSubmit(SparkSubmit.scala:91)","logger":"airflow.task.hooks.airflow.providers.standard.hooks.subprocess.SubprocessHook"}
{"timestamp":"2026-06-28T21:57:17.878776","level":"info","event":"\tat org.apache.spark.deploy.SparkSubmit$$anon$2.doSubmit(SparkSubmit.scala:1120)","logger":"airflow.task.hooks.airflow.providers.standard.hooks.subprocess.SubprocessHook"}
{"timestamp":"2026-06-28T21:57:17.878993","level":"info","event":"\tat org.apache.spark.deploy.SparkSubmit$.main(SparkSubmit.scala:1129)","logger":"airflow.task.hooks.airflow.providers.standard.hooks.subprocess.SubprocessHook"}
{"timestamp":"2026-06-28T21:57:17.879199","level":"info","event":"\tat org.apache.spark.deploy.SparkSubmit.main(SparkSubmit.scala)","logger":"airflow.task.hooks.airflow.providers.standard.hooks.subprocess.SubprocessHook"}
{"timestamp":"2026-06-28T21:57:18.058664","level":"info","event":"Command exited with return code 1","logger":"airflow.task.hooks.airflow.providers.standard.hooks.subprocess.SubprocessHook"}
{"timestamp":"2026-06-28T21:57:18.060528","level":"error","event":"Task failed with exception","logger":"task","error_detail":[{"exc_type":"AirflowException","exc_value":"Bash command failed. The command returned a non-zero exit code 1.","exc_notes":[],"syntax_error":null,"is_cause":false,"frames":[{"filename":"/home/airflow/.local/lib/python3.12/site-packages/airflow/sdk/execution_time/task_runner.py","lineno":838,"name":"run"},{"filename":"/home/airflow/.local/lib/python3.12/site-packages/airflow/sdk/execution_time/task_runner.py","lineno":1130,"name":"_execute_task"},{"filename":"/home/airflow/.local/lib/python3.12/site-packages/airflow/sdk/bases/operator.py","lineno":408,"name":"wrapper"},{"filename":"/home/airflow/.local/lib/python3.12/site-packages/airflow/providers/standard/operators/bash.py","lineno":233,"name":"execute"}]}]}
