{"timestamp":"2026-06-28T21:50:44.269835","level":"info","event":"DAG bundles loaded: dags-folder","logger":"airflow.dag_processing.bundles.manager.DagBundlesManager"}
{"timestamp":"2026-06-28T21:50:44.273381","level":"info","event":"Filling up the DagBag from /opt/airflow/dags/dbt.py","logger":"airflow.models.dagbag.DagBag"}
{"timestamp":"2026-06-28T21:50:46.437798","level":"info","event":"Tmp dir root location: /tmp","logger":"airflow.task.hooks.airflow.providers.standard.hooks.subprocess.SubprocessHook"}
{"timestamp":"2026-06-28T21:50:46.441757","level":"info","event":"Running command: ['/usr/bin/bash', '-c', 'docker exec spark-worker-1                     /opt/spark/bin/spark-submit                     --conf spark.jars.ivy=/tmp/.ivy                     --packages org.apache.spark:spark-sql-kafka-0-10_2.12:3.5.1,org.apache.hadoop:hadoop-aws:3.3.4,com.amazonaws:aws-java-sdk-bundle:1.12.262,io.delta:delta-spark_2.12:3.2.0                     /opt/spark-apps/staging_snowflake.py']","logger":"airflow.task.hooks.airflow.providers.standard.hooks.subprocess.SubprocessHook"}
{"timestamp":"2026-06-28T21:50:46.506342","level":"info","event":"Output:","logger":"airflow.task.hooks.airflow.providers.standard.hooks.subprocess.SubprocessHook"}
{"timestamp":"2026-06-28T21:50:52.474078","level":"info","event":":: loading settings :: url = jar:file:/opt/spark/jars/ivy-2.5.1.jar!/org/apache/ivy/core/settings/ivysettings.xml","logger":"airflow.task.hooks.airflow.providers.standard.hooks.subprocess.SubprocessHook"}
{"timestamp":"2026-06-28T21:50:52.717865","level":"info","event":"Ivy Default Cache set to: /tmp/.ivy/cache","logger":"airflow.task.hooks.airflow.providers.standard.hooks.subprocess.SubprocessHook"}
{"timestamp":"2026-06-28T21:50:52.718324","level":"info","event":"The jars for the packages stored in: /tmp/.ivy/jars","logger":"airflow.task.hooks.airflow.providers.standard.hooks.subprocess.SubprocessHook"}
{"timestamp":"2026-06-28T21:50:52.731932","level":"info","event":"org.apache.spark#spark-sql-kafka-0-10_2.12 added as a dependency","logger":"airflow.task.hooks.airflow.providers.standard.hooks.subprocess.SubprocessHook"}
{"timestamp":"2026-06-28T21:50:52.732271","level":"info","event":"org.apache.hadoop#hadoop-aws added as a dependency","logger":"airflow.task.hooks.airflow.providers.standard.hooks.subprocess.SubprocessHook"}
{"timestamp":"2026-06-28T21:50:52.732510","level":"info","event":"com.amazonaws#aws-java-sdk-bundle added as a dependency","logger":"airflow.task.hooks.airflow.providers.standard.hooks.subprocess.SubprocessHook"}
{"timestamp":"2026-06-28T21:50:52.732776","level":"info","event":"io.delta#delta-spark_2.12 added as a dependency","logger":"airflow.task.hooks.airflow.providers.standard.hooks.subprocess.SubprocessHook"}
{"timestamp":"2026-06-28T21:50:52.734778","level":"info","event":":: resolving dependencies :: org.apache.spark#spark-submit-parent-8d3871d9-e5bd-453b-97c1-1e7e2d35808e;1.0","logger":"airflow.task.hooks.airflow.providers.standard.hooks.subprocess.SubprocessHook"}
{"timestamp":"2026-06-28T21:50:52.735155","level":"info","event":"\tconfs: [default]","logger":"airflow.task.hooks.airflow.providers.standard.hooks.subprocess.SubprocessHook"}
{"timestamp":"2026-06-28T21:50:53.107446","level":"info","event":"\tfound org.apache.spark#spark-sql-kafka-0-10_2.12;3.5.1 in central","logger":"airflow.task.hooks.airflow.providers.standard.hooks.subprocess.SubprocessHook"}
{"timestamp":"2026-06-28T21:50:53.224036","level":"info","event":"\tfound org.apache.spark#spark-token-provider-kafka-0-10_2.12;3.5.1 in central","logger":"airflow.task.hooks.airflow.providers.standard.hooks.subprocess.SubprocessHook"}
{"timestamp":"2026-06-28T21:50:53.284624","level":"info","event":"\tfound org.apache.kafka#kafka-clients;3.4.1 in central","logger":"airflow.task.hooks.airflow.providers.standard.hooks.subprocess.SubprocessHook"}
{"timestamp":"2026-06-28T21:50:53.344158","level":"info","event":"\tfound org.lz4#lz4-java;1.8.0 in central","logger":"airflow.task.hooks.airflow.providers.standard.hooks.subprocess.SubprocessHook"}
{"timestamp":"2026-06-28T21:50:53.397703","level":"info","event":"\tfound org.xerial.snappy#snappy-java;1.1.10.3 in central","logger":"airflow.task.hooks.airflow.providers.standard.hooks.subprocess.SubprocessHook"}
{"timestamp":"2026-06-28T21:50:53.440799","level":"info","event":"\tfound org.slf4j#slf4j-api;2.0.7 in central","logger":"airflow.task.hooks.airflow.providers.standard.hooks.subprocess.SubprocessHook"}
{"timestamp":"2026-06-28T21:50:53.491231","level":"info","event":"\tfound org.apache.hadoop#hadoop-client-runtime;3.3.4 in central","logger":"airflow.task.hooks.airflow.providers.standard.hooks.subprocess.SubprocessHook"}
{"timestamp":"2026-06-28T21:50:53.560749","level":"info","event":"\tfound org.apache.hadoop#hadoop-client-api;3.3.4 in central","logger":"airflow.task.hooks.airflow.providers.standard.hooks.subprocess.SubprocessHook"}
{"timestamp":"2026-06-28T21:50:53.606590","level":"info","event":"\tfound commons-logging#commons-logging;1.1.3 in central","logger":"airflow.task.hooks.airflow.providers.standard.hooks.subprocess.SubprocessHook"}
{"timestamp":"2026-06-28T21:50:53.642537","level":"info","event":"\tfound com.google.code.findbugs#jsr305;3.0.0 in central","logger":"airflow.task.hooks.airflow.providers.standard.hooks.subprocess.SubprocessHook"}
{"timestamp":"2026-06-28T21:50:53.692059","level":"info","event":"\tfound org.apache.commons#commons-pool2;2.11.1 in central","logger":"airflow.task.hooks.airflow.providers.standard.hooks.subprocess.SubprocessHook"}
{"timestamp":"2026-06-28T21:50:53.752579","level":"info","event":"\tfound org.apache.hadoop#hadoop-aws;3.3.4 in central","logger":"airflow.task.hooks.airflow.providers.standard.hooks.subprocess.SubprocessHook"}
{"timestamp":"2026-06-28T21:50:53.782920","level":"info","event":"\tfound com.amazonaws#aws-java-sdk-bundle;1.12.262 in central","logger":"airflow.task.hooks.airflow.providers.standard.hooks.subprocess.SubprocessHook"}
{"timestamp":"2026-06-28T21:50:53.843645","level":"info","event":"\tfound org.wildfly.openssl#wildfly-openssl;1.0.7.Final in central","logger":"airflow.task.hooks.airflow.providers.standard.hooks.subprocess.SubprocessHook"}
{"timestamp":"2026-06-28T21:50:53.867375","level":"info","event":"\tfound io.delta#delta-spark_2.12;3.2.0 in central","logger":"airflow.task.hooks.airflow.providers.standard.hooks.subprocess.SubprocessHook"}
{"timestamp":"2026-06-28T21:50:53.886359","level":"info","event":"\tfound io.delta#delta-storage;3.2.0 in central","logger":"airflow.task.hooks.airflow.providers.standard.hooks.subprocess.SubprocessHook"}
{"timestamp":"2026-06-28T21:50:53.909202","level":"info","event":"\tfound org.antlr#antlr4-runtime;4.9.3 in central","logger":"airflow.task.hooks.airflow.providers.standard.hooks.subprocess.SubprocessHook"}
{"timestamp":"2026-06-28T21:50:53.980778","level":"info","event":":: resolution report :: resolve 1197ms :: artifacts dl 48ms","logger":"airflow.task.hooks.airflow.providers.standard.hooks.subprocess.SubprocessHook"}
{"timestamp":"2026-06-28T21:50:53.981146","level":"info","event":"\t:: modules in use:","logger":"airflow.task.hooks.airflow.providers.standard.hooks.subprocess.SubprocessHook"}
{"timestamp":"2026-06-28T21:50:53.981392","level":"info","event":"\tcom.amazonaws#aws-java-sdk-bundle;1.12.262 from central in [default]","logger":"airflow.task.hooks.airflow.providers.standard.hooks.subprocess.SubprocessHook"}
{"timestamp":"2026-06-28T21:50:53.981624","level":"info","event":"\tcom.google.code.findbugs#jsr305;3.0.0 from central in [default]","logger":"airflow.task.hooks.airflow.providers.standard.hooks.subprocess.SubprocessHook"}
{"timestamp":"2026-06-28T21:50:53.981883","level":"info","event":"\tcommons-logging#commons-logging;1.1.3 from central in [default]","logger":"airflow.task.hooks.airflow.providers.standard.hooks.subprocess.SubprocessHook"}
{"timestamp":"2026-06-28T21:50:53.982089","level":"info","event":"\tio.delta#delta-spark_2.12;3.2.0 from central in [default]","logger":"airflow.task.hooks.airflow.providers.standard.hooks.subprocess.SubprocessHook"}
{"timestamp":"2026-06-28T21:50:53.982293","level":"info","event":"\tio.delta#delta-storage;3.2.0 from central in [default]","logger":"airflow.task.hooks.airflow.providers.standard.hooks.subprocess.SubprocessHook"}
{"timestamp":"2026-06-28T21:50:53.982484","level":"info","event":"\torg.antlr#antlr4-runtime;4.9.3 from central in [default]","logger":"airflow.task.hooks.airflow.providers.standard.hooks.subprocess.SubprocessHook"}
{"timestamp":"2026-06-28T21:50:53.982706","level":"info","event":"\torg.apache.commons#commons-pool2;2.11.1 from central in [default]","logger":"airflow.task.hooks.airflow.providers.standard.hooks.subprocess.SubprocessHook"}
{"timestamp":"2026-06-28T21:50:53.982898","level":"info","event":"\torg.apache.hadoop#hadoop-aws;3.3.4 from central in [default]","logger":"airflow.task.hooks.airflow.providers.standard.hooks.subprocess.SubprocessHook"}
{"timestamp":"2026-06-28T21:50:53.983111","level":"info","event":"\torg.apache.hadoop#hadoop-client-api;3.3.4 from central in [default]","logger":"airflow.task.hooks.airflow.providers.standard.hooks.subprocess.SubprocessHook"}
{"timestamp":"2026-06-28T21:50:53.983319","level":"info","event":"\torg.apache.hadoop#hadoop-client-runtime;3.3.4 from central in [default]","logger":"airflow.task.hooks.airflow.providers.standard.hooks.subprocess.SubprocessHook"}
{"timestamp":"2026-06-28T21:50:53.983509","level":"info","event":"\torg.apache.kafka#kafka-clients;3.4.1 from central in [default]","logger":"airflow.task.hooks.airflow.providers.standard.hooks.subprocess.SubprocessHook"}
{"timestamp":"2026-06-28T21:50:53.983880","level":"info","event":"\torg.apache.spark#spark-sql-kafka-0-10_2.12;3.5.1 from central in [default]","logger":"airflow.task.hooks.airflow.providers.standard.hooks.subprocess.SubprocessHook"}
{"timestamp":"2026-06-28T21:50:53.984104","level":"info","event":"\torg.apache.spark#spark-token-provider-kafka-0-10_2.12;3.5.1 from central in [default]","logger":"airflow.task.hooks.airflow.providers.standard.hooks.subprocess.SubprocessHook"}
{"timestamp":"2026-06-28T21:50:53.984306","level":"info","event":"\torg.lz4#lz4-java;1.8.0 from central in [default]","logger":"airflow.task.hooks.airflow.providers.standard.hooks.subprocess.SubprocessHook"}
{"timestamp":"2026-06-28T21:50:53.984512","level":"info","event":"\torg.slf4j#slf4j-api;2.0.7 from central in [default]","logger":"airflow.task.hooks.airflow.providers.standard.hooks.subprocess.SubprocessHook"}
{"timestamp":"2026-06-28T21:50:53.984724","level":"info","event":"\torg.wildfly.openssl#wildfly-openssl;1.0.7.Final from central in [default]","logger":"airflow.task.hooks.airflow.providers.standard.hooks.subprocess.SubprocessHook"}
{"timestamp":"2026-06-28T21:50:53.984933","level":"info","event":"\torg.xerial.snappy#snappy-java;1.1.10.3 from central in [default]","logger":"airflow.task.hooks.airflow.providers.standard.hooks.subprocess.SubprocessHook"}
{"timestamp":"2026-06-28T21:50:53.985129","level":"info","event":"\t---------------------------------------------------------------------","logger":"airflow.task.hooks.airflow.providers.standard.hooks.subprocess.SubprocessHook"}
{"timestamp":"2026-06-28T21:50:53.985340","level":"info","event":"\t|                  |            modules            ||   artifacts   |","logger":"airflow.task.hooks.airflow.providers.standard.hooks.subprocess.SubprocessHook"}
{"timestamp":"2026-06-28T21:50:53.985662","level":"info","event":"\t|       conf       | number| search|dwnlded|evicted|| number|dwnlded|","logger":"airflow.task.hooks.airflow.providers.standard.hooks.subprocess.SubprocessHook"}
{"timestamp":"2026-06-28T21:50:53.985937","level":"info","event":"\t---------------------------------------------------------------------","logger":"airflow.task.hooks.airflow.providers.standard.hooks.subprocess.SubprocessHook"}
{"timestamp":"2026-06-28T21:50:53.986164","level":"info","event":"\t|      default     |   17  |   0   |   0   |   0   ||   17  |   0   |","logger":"airflow.task.hooks.airflow.providers.standard.hooks.subprocess.SubprocessHook"}
{"timestamp":"2026-06-28T21:50:53.986373","level":"info","event":"\t---------------------------------------------------------------------","logger":"airflow.task.hooks.airflow.providers.standard.hooks.subprocess.SubprocessHook"}
{"timestamp":"2026-06-28T21:50:54.002586","level":"info","event":":: retrieving :: org.apache.spark#spark-submit-parent-8d3871d9-e5bd-453b-97c1-1e7e2d35808e","logger":"airflow.task.hooks.airflow.providers.standard.hooks.subprocess.SubprocessHook"}
{"timestamp":"2026-06-28T21:50:54.002924","level":"info","event":"\tconfs: [default]","logger":"airflow.task.hooks.airflow.providers.standard.hooks.subprocess.SubprocessHook"}
{"timestamp":"2026-06-28T21:50:54.030295","level":"info","event":"\t0 artifacts copied, 17 already retrieved (0kB/27ms)","logger":"airflow.task.hooks.airflow.providers.standard.hooks.subprocess.SubprocessHook"}
{"timestamp":"2026-06-28T21:50:54.537375","level":"info","event":"26/06/28 21:50:54 WARN NativeCodeLoader: Unable to load native-hadoop library for your platform... using builtin-java classes where applicable","logger":"airflow.task.hooks.airflow.providers.standard.hooks.subprocess.SubprocessHook"}
{"timestamp":"2026-06-28T21:50:57.229757","level":"info","event":"26/06/28 21:50:57 INFO SparkContext: Running Spark version 3.5.1","logger":"airflow.task.hooks.airflow.providers.standard.hooks.subprocess.SubprocessHook"}
{"timestamp":"2026-06-28T21:50:57.232928","level":"info","event":"26/06/28 21:50:57 INFO SparkContext: OS info Linux, 6.6.87.2-microsoft-standard-WSL2, amd64","logger":"airflow.task.hooks.airflow.providers.standard.hooks.subprocess.SubprocessHook"}
{"timestamp":"2026-06-28T21:50:57.237061","level":"info","event":"26/06/28 21:50:57 INFO SparkContext: Java version 11.0.22","logger":"airflow.task.hooks.airflow.providers.standard.hooks.subprocess.SubprocessHook"}
{"timestamp":"2026-06-28T21:50:57.304025","level":"info","event":"26/06/28 21:50:57 INFO ResourceUtils: ==============================================================","logger":"airflow.task.hooks.airflow.providers.standard.hooks.subprocess.SubprocessHook"}
{"timestamp":"2026-06-28T21:50:57.308447","level":"info","event":"26/06/28 21:50:57 INFO ResourceUtils: No custom resources configured for spark.driver.","logger":"airflow.task.hooks.airflow.providers.standard.hooks.subprocess.SubprocessHook"}
{"timestamp":"2026-06-28T21:50:57.308851","level":"info","event":"26/06/28 21:50:57 INFO ResourceUtils: ==============================================================","logger":"airflow.task.hooks.airflow.providers.standard.hooks.subprocess.SubprocessHook"}
{"timestamp":"2026-06-28T21:50:57.309104","level":"info","event":"26/06/28 21:50:57 INFO SparkContext: Submitted application: to_snowflake","logger":"airflow.task.hooks.airflow.providers.standard.hooks.subprocess.SubprocessHook"}
{"timestamp":"2026-06-28T21:50:57.370358","level":"info","event":"26/06/28 21:50:57 INFO ResourceProfile: Default ResourceProfile created, executor resources: Map(memory -> name: memory, amount: 1024, script: , vendor: , offHeap -> name: offHeap, amount: 0, script: , vendor: ), task resources: Map(cpus -> name: cpus, amount: 1.0)","logger":"airflow.task.hooks.airflow.providers.standard.hooks.subprocess.SubprocessHook"}
{"timestamp":"2026-06-28T21:50:57.400398","level":"info","event":"26/06/28 21:50:57 INFO ResourceProfile: Limiting resource is cpu","logger":"airflow.task.hooks.airflow.providers.standard.hooks.subprocess.SubprocessHook"}
{"timestamp":"2026-06-28T21:50:57.400766","level":"info","event":"26/06/28 21:50:57 INFO ResourceProfileManager: Added ResourceProfile id: 0","logger":"airflow.task.hooks.airflow.providers.standard.hooks.subprocess.SubprocessHook"}
{"timestamp":"2026-06-28T21:50:57.555059","level":"info","event":"26/06/28 21:50:57 INFO SecurityManager: Changing view acls to: spark","logger":"airflow.task.hooks.airflow.providers.standard.hooks.subprocess.SubprocessHook"}
{"timestamp":"2026-06-28T21:50:57.555855","level":"info","event":"26/06/28 21:50:57 INFO SecurityManager: Changing modify acls to: spark","logger":"airflow.task.hooks.airflow.providers.standard.hooks.subprocess.SubprocessHook"}
{"timestamp":"2026-06-28T21:50:57.557351","level":"info","event":"26/06/28 21:50:57 INFO SecurityManager: Changing view acls groups to:","logger":"airflow.task.hooks.airflow.providers.standard.hooks.subprocess.SubprocessHook"}
{"timestamp":"2026-06-28T21:50:57.558424","level":"info","event":"26/06/28 21:50:57 INFO SecurityManager: Changing modify acls groups to:","logger":"airflow.task.hooks.airflow.providers.standard.hooks.subprocess.SubprocessHook"}
{"timestamp":"2026-06-28T21:50:57.562275","level":"info","event":"26/06/28 21:50:57 INFO SecurityManager: SecurityManager: authentication disabled; ui acls disabled; users with view permissions: spark; groups with view permissions: EMPTY; users with modify permissions: spark; groups with modify permissions: EMPTY","logger":"airflow.task.hooks.airflow.providers.standard.hooks.subprocess.SubprocessHook"}
{"timestamp":"2026-06-28T21:50:58.187809","level":"info","event":"26/06/28 21:50:58 INFO Utils: Successfully started service 'sparkDriver' on port 39459.","logger":"airflow.task.hooks.airflow.providers.standard.hooks.subprocess.SubprocessHook"}
{"timestamp":"2026-06-28T21:50:58.281557","level":"info","event":"26/06/28 21:50:58 INFO SparkEnv: Registering MapOutputTracker","logger":"airflow.task.hooks.airflow.providers.standard.hooks.subprocess.SubprocessHook"}
{"timestamp":"2026-06-28T21:50:58.377986","level":"info","event":"26/06/28 21:50:58 INFO SparkEnv: Registering BlockManagerMaster","logger":"airflow.task.hooks.airflow.providers.standard.hooks.subprocess.SubprocessHook"}
{"timestamp":"2026-06-28T21:50:58.424303","level":"info","event":"26/06/28 21:50:58 INFO BlockManagerMasterEndpoint: Using org.apache.spark.storage.DefaultTopologyMapper for getting topology information","logger":"airflow.task.hooks.airflow.providers.standard.hooks.subprocess.SubprocessHook"}
{"timestamp":"2026-06-28T21:50:58.425198","level":"info","event":"26/06/28 21:50:58 INFO BlockManagerMasterEndpoint: BlockManagerMasterEndpoint up","logger":"airflow.task.hooks.airflow.providers.standard.hooks.subprocess.SubprocessHook"}
{"timestamp":"2026-06-28T21:50:58.436648","level":"info","event":"26/06/28 21:50:58 INFO SparkEnv: Registering BlockManagerMasterHeartbeat","logger":"airflow.task.hooks.airflow.providers.standard.hooks.subprocess.SubprocessHook"}
{"timestamp":"2026-06-28T21:50:58.498862","level":"info","event":"26/06/28 21:50:58 INFO DiskBlockManager: Created local directory at /tmp/blockmgr-3ca4e02b-a98a-46e8-863d-909b6e186248","logger":"airflow.task.hooks.airflow.providers.standard.hooks.subprocess.SubprocessHook"}
{"timestamp":"2026-06-28T21:50:58.533761","level":"info","event":"26/06/28 21:50:58 INFO MemoryStore: MemoryStore started with capacity 434.4 MiB","logger":"airflow.task.hooks.airflow.providers.standard.hooks.subprocess.SubprocessHook"}
{"timestamp":"2026-06-28T21:50:58.572193","level":"info","event":"26/06/28 21:50:58 INFO SparkEnv: Registering OutputCommitCoordinator","logger":"airflow.task.hooks.airflow.providers.standard.hooks.subprocess.SubprocessHook"}
{"timestamp":"2026-06-28T21:50:58.940612","level":"info","event":"26/06/28 21:50:58 INFO JettyUtils: Start Jetty 0.0.0.0:4040 for SparkUI","logger":"airflow.task.hooks.airflow.providers.standard.hooks.subprocess.SubprocessHook"}
{"timestamp":"2026-06-28T21:50:59.111995","level":"info","event":"26/06/28 21:50:59 INFO Utils: Successfully started service 'SparkUI' on port 4040.","logger":"airflow.task.hooks.airflow.providers.standard.hooks.subprocess.SubprocessHook"}
{"timestamp":"2026-06-28T21:50:59.247409","level":"info","event":"26/06/28 21:50:59 INFO SparkContext: Added JAR file:///tmp/.ivy/jars/org.apache.spark_spark-sql-kafka-0-10_2.12-3.5.1.jar at spark://spark-worker-1:39459/jars/org.apache.spark_spark-sql-kafka-0-10_2.12-3.5.1.jar with timestamp 1782683457170","logger":"airflow.task.hooks.airflow.providers.standard.hooks.subprocess.SubprocessHook"}
{"timestamp":"2026-06-28T21:50:59.248350","level":"info","event":"26/06/28 21:50:59 INFO SparkContext: Added JAR file:///tmp/.ivy/jars/org.apache.hadoop_hadoop-aws-3.3.4.jar at spark://spark-worker-1:39459/jars/org.apache.hadoop_hadoop-aws-3.3.4.jar with timestamp 1782683457170","logger":"airflow.task.hooks.airflow.providers.standard.hooks.subprocess.SubprocessHook"}
{"timestamp":"2026-06-28T21:50:59.248722","level":"info","event":"26/06/28 21:50:59 INFO SparkContext: Added JAR file:///tmp/.ivy/jars/com.amazonaws_aws-java-sdk-bundle-1.12.262.jar at spark://spark-worker-1:39459/jars/com.amazonaws_aws-java-sdk-bundle-1.12.262.jar with timestamp 1782683457170","logger":"airflow.task.hooks.airflow.providers.standard.hooks.subprocess.SubprocessHook"}
{"timestamp":"2026-06-28T21:50:59.249596","level":"info","event":"26/06/28 21:50:59 INFO SparkContext: Added JAR file:///tmp/.ivy/jars/io.delta_delta-spark_2.12-3.2.0.jar at spark://spark-worker-1:39459/jars/io.delta_delta-spark_2.12-3.2.0.jar with timestamp 1782683457170","logger":"airflow.task.hooks.airflow.providers.standard.hooks.subprocess.SubprocessHook"}
{"timestamp":"2026-06-28T21:50:59.250495","level":"info","event":"26/06/28 21:50:59 INFO SparkContext: Added JAR file:///tmp/.ivy/jars/org.apache.spark_spark-token-provider-kafka-0-10_2.12-3.5.1.jar at spark://spark-worker-1:39459/jars/org.apache.spark_spark-token-provider-kafka-0-10_2.12-3.5.1.jar with timestamp 1782683457170","logger":"airflow.task.hooks.airflow.providers.standard.hooks.subprocess.SubprocessHook"}
{"timestamp":"2026-06-28T21:50:59.251138","level":"info","event":"26/06/28 21:50:59 INFO SparkContext: Added JAR file:///tmp/.ivy/jars/org.apache.kafka_kafka-clients-3.4.1.jar at spark://spark-worker-1:39459/jars/org.apache.kafka_kafka-clients-3.4.1.jar with timestamp 1782683457170","logger":"airflow.task.hooks.airflow.providers.standard.hooks.subprocess.SubprocessHook"}
{"timestamp":"2026-06-28T21:50:59.252326","level":"info","event":"26/06/28 21:50:59 INFO SparkContext: Added JAR file:///tmp/.ivy/jars/com.google.code.findbugs_jsr305-3.0.0.jar at spark://spark-worker-1:39459/jars/com.google.code.findbugs_jsr305-3.0.0.jar with timestamp 1782683457170","logger":"airflow.task.hooks.airflow.providers.standard.hooks.subprocess.SubprocessHook"}
{"timestamp":"2026-06-28T21:50:59.252812","level":"info","event":"26/06/28 21:50:59 INFO SparkContext: Added JAR file:///tmp/.ivy/jars/org.apache.commons_commons-pool2-2.11.1.jar at spark://spark-worker-1:39459/jars/org.apache.commons_commons-pool2-2.11.1.jar with timestamp 1782683457170","logger":"airflow.task.hooks.airflow.providers.standard.hooks.subprocess.SubprocessHook"}
{"timestamp":"2026-06-28T21:50:59.254765","level":"info","event":"26/06/28 21:50:59 INFO SparkContext: Added JAR file:///tmp/.ivy/jars/org.apache.hadoop_hadoop-client-runtime-3.3.4.jar at spark://spark-worker-1:39459/jars/org.apache.hadoop_hadoop-client-runtime-3.3.4.jar with timestamp 1782683457170","logger":"airflow.task.hooks.airflow.providers.standard.hooks.subprocess.SubprocessHook"}
{"timestamp":"2026-06-28T21:50:59.255260","level":"info","event":"26/06/28 21:50:59 INFO SparkContext: Added JAR file:///tmp/.ivy/jars/org.lz4_lz4-java-1.8.0.jar at spark://spark-worker-1:39459/jars/org.lz4_lz4-java-1.8.0.jar with timestamp 1782683457170","logger":"airflow.task.hooks.airflow.providers.standard.hooks.subprocess.SubprocessHook"}
{"timestamp":"2026-06-28T21:50:59.255638","level":"info","event":"26/06/28 21:50:59 INFO SparkContext: Added JAR file:///tmp/.ivy/jars/org.xerial.snappy_snappy-java-1.1.10.3.jar at spark://spark-worker-1:39459/jars/org.xerial.snappy_snappy-java-1.1.10.3.jar with timestamp 1782683457170","logger":"airflow.task.hooks.airflow.providers.standard.hooks.subprocess.SubprocessHook"}
{"timestamp":"2026-06-28T21:50:59.255882","level":"info","event":"26/06/28 21:50:59 INFO SparkContext: Added JAR file:///tmp/.ivy/jars/org.slf4j_slf4j-api-2.0.7.jar at spark://spark-worker-1:39459/jars/org.slf4j_slf4j-api-2.0.7.jar with timestamp 1782683457170","logger":"airflow.task.hooks.airflow.providers.standard.hooks.subprocess.SubprocessHook"}
{"timestamp":"2026-06-28T21:50:59.256100","level":"info","event":"26/06/28 21:50:59 INFO SparkContext: Added JAR file:///tmp/.ivy/jars/org.apache.hadoop_hadoop-client-api-3.3.4.jar at spark://spark-worker-1:39459/jars/org.apache.hadoop_hadoop-client-api-3.3.4.jar with timestamp 1782683457170","logger":"airflow.task.hooks.airflow.providers.standard.hooks.subprocess.SubprocessHook"}
{"timestamp":"2026-06-28T21:50:59.256285","level":"info","event":"26/06/28 21:50:59 INFO SparkContext: Added JAR file:///tmp/.ivy/jars/commons-logging_commons-logging-1.1.3.jar at spark://spark-worker-1:39459/jars/commons-logging_commons-logging-1.1.3.jar with timestamp 1782683457170","logger":"airflow.task.hooks.airflow.providers.standard.hooks.subprocess.SubprocessHook"}
{"timestamp":"2026-06-28T21:50:59.256411","level":"info","event":"26/06/28 21:50:59 INFO SparkContext: Added JAR file:///tmp/.ivy/jars/org.wildfly.openssl_wildfly-openssl-1.0.7.Final.jar at spark://spark-worker-1:39459/jars/org.wildfly.openssl_wildfly-openssl-1.0.7.Final.jar with timestamp 1782683457170","logger":"airflow.task.hooks.airflow.providers.standard.hooks.subprocess.SubprocessHook"}
{"timestamp":"2026-06-28T21:50:59.256514","level":"info","event":"26/06/28 21:50:59 INFO SparkContext: Added JAR file:///tmp/.ivy/jars/io.delta_delta-storage-3.2.0.jar at spark://spark-worker-1:39459/jars/io.delta_delta-storage-3.2.0.jar with timestamp 1782683457170","logger":"airflow.task.hooks.airflow.providers.standard.hooks.subprocess.SubprocessHook"}
{"timestamp":"2026-06-28T21:50:59.256610","level":"info","event":"26/06/28 21:50:59 INFO SparkContext: Added JAR file:///tmp/.ivy/jars/org.antlr_antlr4-runtime-4.9.3.jar at spark://spark-worker-1:39459/jars/org.antlr_antlr4-runtime-4.9.3.jar with timestamp 1782683457170","logger":"airflow.task.hooks.airflow.providers.standard.hooks.subprocess.SubprocessHook"}
{"timestamp":"2026-06-28T21:50:59.264878","level":"info","event":"26/06/28 21:50:59 INFO SparkContext: Added file file:///tmp/.ivy/jars/org.apache.spark_spark-sql-kafka-0-10_2.12-3.5.1.jar at spark://spark-worker-1:39459/files/org.apache.spark_spark-sql-kafka-0-10_2.12-3.5.1.jar with timestamp 1782683457170","logger":"airflow.task.hooks.airflow.providers.standard.hooks.subprocess.SubprocessHook"}
{"timestamp":"2026-06-28T21:50:59.268547","level":"info","event":"26/06/28 21:50:59 INFO Utils: Copying /tmp/.ivy/jars/org.apache.spark_spark-sql-kafka-0-10_2.12-3.5.1.jar to /tmp/spark-f623abb3-2b2c-426e-a713-5aaf556959bd/userFiles-f978121f-0aa0-4640-a062-a270a56a321c/org.apache.spark_spark-sql-kafka-0-10_2.12-3.5.1.jar","logger":"airflow.task.hooks.airflow.providers.standard.hooks.subprocess.SubprocessHook"}
{"timestamp":"2026-06-28T21:50:59.301465","level":"info","event":"26/06/28 21:50:59 INFO SparkContext: Added file file:///tmp/.ivy/jars/org.apache.hadoop_hadoop-aws-3.3.4.jar at spark://spark-worker-1:39459/files/org.apache.hadoop_hadoop-aws-3.3.4.jar with timestamp 1782683457170","logger":"airflow.task.hooks.airflow.providers.standard.hooks.subprocess.SubprocessHook"}
{"timestamp":"2026-06-28T21:50:59.302057","level":"info","event":"26/06/28 21:50:59 INFO Utils: Copying /tmp/.ivy/jars/org.apache.hadoop_hadoop-aws-3.3.4.jar to /tmp/spark-f623abb3-2b2c-426e-a713-5aaf556959bd/userFiles-f978121f-0aa0-4640-a062-a270a56a321c/org.apache.hadoop_hadoop-aws-3.3.4.jar","logger":"airflow.task.hooks.airflow.providers.standard.hooks.subprocess.SubprocessHook"}
{"timestamp":"2026-06-28T21:50:59.323070","level":"info","event":"26/06/28 21:50:59 INFO SparkContext: Added file file:///tmp/.ivy/jars/com.amazonaws_aws-java-sdk-bundle-1.12.262.jar at spark://spark-worker-1:39459/files/com.amazonaws_aws-java-sdk-bundle-1.12.262.jar with timestamp 1782683457170","logger":"airflow.task.hooks.airflow.providers.standard.hooks.subprocess.SubprocessHook"}
{"timestamp":"2026-06-28T21:50:59.323435","level":"info","event":"26/06/28 21:50:59 INFO Utils: Copying /tmp/.ivy/jars/com.amazonaws_aws-java-sdk-bundle-1.12.262.jar to /tmp/spark-f623abb3-2b2c-426e-a713-5aaf556959bd/userFiles-f978121f-0aa0-4640-a062-a270a56a321c/com.amazonaws_aws-java-sdk-bundle-1.12.262.jar","logger":"airflow.task.hooks.airflow.providers.standard.hooks.subprocess.SubprocessHook"}
{"timestamp":"2026-06-28T21:51:01.377954","level":"info","event":"26/06/28 21:51:01 INFO SparkContext: Added file file:///tmp/.ivy/jars/io.delta_delta-spark_2.12-3.2.0.jar at spark://spark-worker-1:39459/files/io.delta_delta-spark_2.12-3.2.0.jar with timestamp 1782683457170","logger":"airflow.task.hooks.airflow.providers.standard.hooks.subprocess.SubprocessHook"}
{"timestamp":"2026-06-28T21:51:01.378289","level":"info","event":"26/06/28 21:51:01 INFO Utils: Copying /tmp/.ivy/jars/io.delta_delta-spark_2.12-3.2.0.jar to /tmp/spark-f623abb3-2b2c-426e-a713-5aaf556959bd/userFiles-f978121f-0aa0-4640-a062-a270a56a321c/io.delta_delta-spark_2.12-3.2.0.jar","logger":"airflow.task.hooks.airflow.providers.standard.hooks.subprocess.SubprocessHook"}
{"timestamp":"2026-06-28T21:51:01.437185","level":"info","event":"26/06/28 21:51:01 INFO SparkContext: Added file file:///tmp/.ivy/jars/org.apache.spark_spark-token-provider-kafka-0-10_2.12-3.5.1.jar at spark://spark-worker-1:39459/files/org.apache.spark_spark-token-provider-kafka-0-10_2.12-3.5.1.jar with timestamp 1782683457170","logger":"airflow.task.hooks.airflow.providers.standard.hooks.subprocess.SubprocessHook"}
{"timestamp":"2026-06-28T21:51:01.437571","level":"info","event":"26/06/28 21:51:01 INFO Utils: Copying /tmp/.ivy/jars/org.apache.spark_spark-token-provider-kafka-0-10_2.12-3.5.1.jar to /tmp/spark-f623abb3-2b2c-426e-a713-5aaf556959bd/userFiles-f978121f-0aa0-4640-a062-a270a56a321c/org.apache.spark_spark-token-provider-kafka-0-10_2.12-3.5.1.jar","logger":"airflow.task.hooks.airflow.providers.standard.hooks.subprocess.SubprocessHook"}
{"timestamp":"2026-06-28T21:51:01.450561","level":"info","event":"26/06/28 21:51:01 INFO SparkContext: Added file file:///tmp/.ivy/jars/org.apache.kafka_kafka-clients-3.4.1.jar at spark://spark-worker-1:39459/files/org.apache.kafka_kafka-clients-3.4.1.jar with timestamp 1782683457170","logger":"airflow.task.hooks.airflow.providers.standard.hooks.subprocess.SubprocessHook"}
{"timestamp":"2026-06-28T21:51:01.450861","level":"info","event":"26/06/28 21:51:01 INFO Utils: Copying /tmp/.ivy/jars/org.apache.kafka_kafka-clients-3.4.1.jar to /tmp/spark-f623abb3-2b2c-426e-a713-5aaf556959bd/userFiles-f978121f-0aa0-4640-a062-a270a56a321c/org.apache.kafka_kafka-clients-3.4.1.jar","logger":"airflow.task.hooks.airflow.providers.standard.hooks.subprocess.SubprocessHook"}
{"timestamp":"2026-06-28T21:51:01.500833","level":"info","event":"26/06/28 21:51:01 INFO SparkContext: Added file file:///tmp/.ivy/jars/com.google.code.findbugs_jsr305-3.0.0.jar at spark://spark-worker-1:39459/files/com.google.code.findbugs_jsr305-3.0.0.jar with timestamp 1782683457170","logger":"airflow.task.hooks.airflow.providers.standard.hooks.subprocess.SubprocessHook"}
{"timestamp":"2026-06-28T21:51:01.501130","level":"info","event":"26/06/28 21:51:01 INFO Utils: Copying /tmp/.ivy/jars/com.google.code.findbugs_jsr305-3.0.0.jar to /tmp/spark-f623abb3-2b2c-426e-a713-5aaf556959bd/userFiles-f978121f-0aa0-4640-a062-a270a56a321c/com.google.code.findbugs_jsr305-3.0.0.jar","logger":"airflow.task.hooks.airflow.providers.standard.hooks.subprocess.SubprocessHook"}
{"timestamp":"2026-06-28T21:51:01.514659","level":"info","event":"26/06/28 21:51:01 INFO SparkContext: Added file file:///tmp/.ivy/jars/org.apache.commons_commons-pool2-2.11.1.jar at spark://spark-worker-1:39459/files/org.apache.commons_commons-pool2-2.11.1.jar with timestamp 1782683457170","logger":"airflow.task.hooks.airflow.providers.standard.hooks.subprocess.SubprocessHook"}
{"timestamp":"2026-06-28T21:51:01.514931","level":"info","event":"26/06/28 21:51:01 INFO Utils: Copying /tmp/.ivy/jars/org.apache.commons_commons-pool2-2.11.1.jar to /tmp/spark-f623abb3-2b2c-426e-a713-5aaf556959bd/userFiles-f978121f-0aa0-4640-a062-a270a56a321c/org.apache.commons_commons-pool2-2.11.1.jar","logger":"airflow.task.hooks.airflow.providers.standard.hooks.subprocess.SubprocessHook"}
{"timestamp":"2026-06-28T21:51:01.527865","level":"info","event":"26/06/28 21:51:01 INFO SparkContext: Added file file:///tmp/.ivy/jars/org.apache.hadoop_hadoop-client-runtime-3.3.4.jar at spark://spark-worker-1:39459/files/org.apache.hadoop_hadoop-client-runtime-3.3.4.jar with timestamp 1782683457170","logger":"airflow.task.hooks.airflow.providers.standard.hooks.subprocess.SubprocessHook"}
{"timestamp":"2026-06-28T21:51:01.528216","level":"info","event":"26/06/28 21:51:01 INFO Utils: Copying /tmp/.ivy/jars/org.apache.hadoop_hadoop-client-runtime-3.3.4.jar to /tmp/spark-f623abb3-2b2c-426e-a713-5aaf556959bd/userFiles-f978121f-0aa0-4640-a062-a270a56a321c/org.apache.hadoop_hadoop-client-runtime-3.3.4.jar","logger":"airflow.task.hooks.airflow.providers.standard.hooks.subprocess.SubprocessHook"}
{"timestamp":"2026-06-28T21:51:02.035294","level":"info","event":"26/06/28 21:51:02 INFO SparkContext: Added file file:///tmp/.ivy/jars/org.lz4_lz4-java-1.8.0.jar at spark://spark-worker-1:39459/files/org.lz4_lz4-java-1.8.0.jar with timestamp 1782683457170","logger":"airflow.task.hooks.airflow.providers.standard.hooks.subprocess.SubprocessHook"}
{"timestamp":"2026-06-28T21:51:02.035786","level":"info","event":"26/06/28 21:51:02 INFO Utils: Copying /tmp/.ivy/jars/org.lz4_lz4-java-1.8.0.jar to /tmp/spark-f623abb3-2b2c-426e-a713-5aaf556959bd/userFiles-f978121f-0aa0-4640-a062-a270a56a321c/org.lz4_lz4-java-1.8.0.jar","logger":"airflow.task.hooks.airflow.providers.standard.hooks.subprocess.SubprocessHook"}
{"timestamp":"2026-06-28T21:51:02.067883","level":"info","event":"26/06/28 21:51:02 INFO SparkContext: Added file file:///tmp/.ivy/jars/org.xerial.snappy_snappy-java-1.1.10.3.jar at spark://spark-worker-1:39459/files/org.xerial.snappy_snappy-java-1.1.10.3.jar with timestamp 1782683457170","logger":"airflow.task.hooks.airflow.providers.standard.hooks.subprocess.SubprocessHook"}
{"timestamp":"2026-06-28T21:51:02.068277","level":"info","event":"26/06/28 21:51:02 INFO Utils: Copying /tmp/.ivy/jars/org.xerial.snappy_snappy-java-1.1.10.3.jar to /tmp/spark-f623abb3-2b2c-426e-a713-5aaf556959bd/userFiles-f978121f-0aa0-4640-a062-a270a56a321c/org.xerial.snappy_snappy-java-1.1.10.3.jar","logger":"airflow.task.hooks.airflow.providers.standard.hooks.subprocess.SubprocessHook"}
{"timestamp":"2026-06-28T21:51:02.153476","level":"info","event":"26/06/28 21:51:02 INFO SparkContext: Added file file:///tmp/.ivy/jars/org.slf4j_slf4j-api-2.0.7.jar at spark://spark-worker-1:39459/files/org.slf4j_slf4j-api-2.0.7.jar with timestamp 1782683457170","logger":"airflow.task.hooks.airflow.providers.standard.hooks.subprocess.SubprocessHook"}
{"timestamp":"2026-06-28T21:51:02.154388","level":"info","event":"26/06/28 21:51:02 INFO Utils: Copying /tmp/.ivy/jars/org.slf4j_slf4j-api-2.0.7.jar to /tmp/spark-f623abb3-2b2c-426e-a713-5aaf556959bd/userFiles-f978121f-0aa0-4640-a062-a270a56a321c/org.slf4j_slf4j-api-2.0.7.jar","logger":"airflow.task.hooks.airflow.providers.standard.hooks.subprocess.SubprocessHook"}
{"timestamp":"2026-06-28T21:51:02.170640","level":"info","event":"26/06/28 21:51:02 INFO SparkContext: Added file file:///tmp/.ivy/jars/org.apache.hadoop_hadoop-client-api-3.3.4.jar at spark://spark-worker-1:39459/files/org.apache.hadoop_hadoop-client-api-3.3.4.jar with timestamp 1782683457170","logger":"airflow.task.hooks.airflow.providers.standard.hooks.subprocess.SubprocessHook"}
{"timestamp":"2026-06-28T21:51:02.170864","level":"info","event":"26/06/28 21:51:02 INFO Utils: Copying /tmp/.ivy/jars/org.apache.hadoop_hadoop-client-api-3.3.4.jar to /tmp/spark-f623abb3-2b2c-426e-a713-5aaf556959bd/userFiles-f978121f-0aa0-4640-a062-a270a56a321c/org.apache.hadoop_hadoop-client-api-3.3.4.jar","logger":"airflow.task.hooks.airflow.providers.standard.hooks.subprocess.SubprocessHook"}
{"timestamp":"2026-06-28T21:51:02.416187","level":"info","event":"26/06/28 21:51:02 INFO SparkContext: Added file file:///tmp/.ivy/jars/commons-logging_commons-logging-1.1.3.jar at spark://spark-worker-1:39459/files/commons-logging_commons-logging-1.1.3.jar with timestamp 1782683457170","logger":"airflow.task.hooks.airflow.providers.standard.hooks.subprocess.SubprocessHook"}
{"timestamp":"2026-06-28T21:51:02.416559","level":"info","event":"26/06/28 21:51:02 INFO Utils: Copying /tmp/.ivy/jars/commons-logging_commons-logging-1.1.3.jar to /tmp/spark-f623abb3-2b2c-426e-a713-5aaf556959bd/userFiles-f978121f-0aa0-4640-a062-a270a56a321c/commons-logging_commons-logging-1.1.3.jar","logger":"airflow.task.hooks.airflow.providers.standard.hooks.subprocess.SubprocessHook"}
{"timestamp":"2026-06-28T21:51:02.431182","level":"info","event":"26/06/28 21:51:02 INFO SparkContext: Added file file:///tmp/.ivy/jars/org.wildfly.openssl_wildfly-openssl-1.0.7.Final.jar at spark://spark-worker-1:39459/files/org.wildfly.openssl_wildfly-openssl-1.0.7.Final.jar with timestamp 1782683457170","logger":"airflow.task.hooks.airflow.providers.standard.hooks.subprocess.SubprocessHook"}
{"timestamp":"2026-06-28T21:51:02.431422","level":"info","event":"26/06/28 21:51:02 INFO Utils: Copying /tmp/.ivy/jars/org.wildfly.openssl_wildfly-openssl-1.0.7.Final.jar to /tmp/spark-f623abb3-2b2c-426e-a713-5aaf556959bd/userFiles-f978121f-0aa0-4640-a062-a270a56a321c/org.wildfly.openssl_wildfly-openssl-1.0.7.Final.jar","logger":"airflow.task.hooks.airflow.providers.standard.hooks.subprocess.SubprocessHook"}
{"timestamp":"2026-06-28T21:51:02.450000","level":"info","event":"26/06/28 21:51:02 INFO SparkContext: Added file file:///tmp/.ivy/jars/io.delta_delta-storage-3.2.0.jar at spark://spark-worker-1:39459/files/io.delta_delta-storage-3.2.0.jar with timestamp 1782683457170","logger":"airflow.task.hooks.airflow.providers.standard.hooks.subprocess.SubprocessHook"}
{"timestamp":"2026-06-28T21:51:02.450548","level":"info","event":"26/06/28 21:51:02 INFO Utils: Copying /tmp/.ivy/jars/io.delta_delta-storage-3.2.0.jar to /tmp/spark-f623abb3-2b2c-426e-a713-5aaf556959bd/userFiles-f978121f-0aa0-4640-a062-a270a56a321c/io.delta_delta-storage-3.2.0.jar","logger":"airflow.task.hooks.airflow.providers.standard.hooks.subprocess.SubprocessHook"}
{"timestamp":"2026-06-28T21:51:02.462625","level":"info","event":"26/06/28 21:51:02 INFO SparkContext: Added file file:///tmp/.ivy/jars/org.antlr_antlr4-runtime-4.9.3.jar at spark://spark-worker-1:39459/files/org.antlr_antlr4-runtime-4.9.3.jar with timestamp 1782683457170","logger":"airflow.task.hooks.airflow.providers.standard.hooks.subprocess.SubprocessHook"}
{"timestamp":"2026-06-28T21:51:02.462926","level":"info","event":"26/06/28 21:51:02 INFO Utils: Copying /tmp/.ivy/jars/org.antlr_antlr4-runtime-4.9.3.jar to /tmp/spark-f623abb3-2b2c-426e-a713-5aaf556959bd/userFiles-f978121f-0aa0-4640-a062-a270a56a321c/org.antlr_antlr4-runtime-4.9.3.jar","logger":"airflow.task.hooks.airflow.providers.standard.hooks.subprocess.SubprocessHook"}
{"timestamp":"2026-06-28T21:51:02.705264","level":"info","event":"26/06/28 21:51:02 INFO StandaloneAppClient$ClientEndpoint: Connecting to master spark://spark-master:7077...","logger":"airflow.task.hooks.airflow.providers.standard.hooks.subprocess.SubprocessHook"}
{"timestamp":"2026-06-28T21:51:02.807749","level":"info","event":"26/06/28 21:51:02 INFO TransportClientFactory: Successfully created connection to spark-master/172.18.0.4:7077 after 65 ms (0 ms spent in bootstraps)","logger":"airflow.task.hooks.airflow.providers.standard.hooks.subprocess.SubprocessHook"}
{"timestamp":"2026-06-28T21:51:03.082281","level":"info","event":"26/06/28 21:51:03 INFO StandaloneSchedulerBackend: Connected to Spark cluster with app ID app-20260628215103-0006","logger":"airflow.task.hooks.airflow.providers.standard.hooks.subprocess.SubprocessHook"}
{"timestamp":"2026-06-28T21:51:03.089993","level":"info","event":"26/06/28 21:51:03 INFO StandaloneAppClient$ClientEndpoint: Executor added: app-20260628215103-0006/0 on worker-20260628205626-172.18.0.7-45253 (172.18.0.7:45253) with 2 core(s)","logger":"airflow.task.hooks.airflow.providers.standard.hooks.subprocess.SubprocessHook"}
{"timestamp":"2026-06-28T21:51:03.095331","level":"info","event":"26/06/28 21:51:03 INFO StandaloneSchedulerBackend: Granted executor ID app-20260628215103-0006/0 on hostPort 172.18.0.7:45253 with 2 core(s), 1024.0 MiB RAM","logger":"airflow.task.hooks.airflow.providers.standard.hooks.subprocess.SubprocessHook"}
{"timestamp":"2026-06-28T21:51:03.095766","level":"info","event":"26/06/28 21:51:03 INFO StandaloneAppClient$ClientEndpoint: Executor added: app-20260628215103-0006/1 on worker-20260628205626-172.18.0.8-36209 (172.18.0.8:36209) with 2 core(s)","logger":"airflow.task.hooks.airflow.providers.standard.hooks.subprocess.SubprocessHook"}
{"timestamp":"2026-06-28T21:51:03.096779","level":"info","event":"26/06/28 21:51:03 INFO StandaloneSchedulerBackend: Granted executor ID app-20260628215103-0006/1 on hostPort 172.18.0.8:36209 with 2 core(s), 1024.0 MiB RAM","logger":"airflow.task.hooks.airflow.providers.standard.hooks.subprocess.SubprocessHook"}
{"timestamp":"2026-06-28T21:51:03.112500","level":"info","event":"26/06/28 21:51:03 INFO Utils: Successfully started service 'org.apache.spark.network.netty.NettyBlockTransferService' on port 36715.","logger":"airflow.task.hooks.airflow.providers.standard.hooks.subprocess.SubprocessHook"}
{"timestamp":"2026-06-28T21:51:03.112833","level":"info","event":"26/06/28 21:51:03 INFO NettyBlockTransferService: Server created on spark-worker-1:36715","logger":"airflow.task.hooks.airflow.providers.standard.hooks.subprocess.SubprocessHook"}
{"timestamp":"2026-06-28T21:51:03.117222","level":"info","event":"26/06/28 21:51:03 INFO BlockManager: Using org.apache.spark.storage.RandomBlockReplicationPolicy for block replication policy","logger":"airflow.task.hooks.airflow.providers.standard.hooks.subprocess.SubprocessHook"}
{"timestamp":"2026-06-28T21:51:03.136446","level":"info","event":"26/06/28 21:51:03 INFO BlockManagerMaster: Registering BlockManager BlockManagerId(driver, spark-worker-1, 36715, None)","logger":"airflow.task.hooks.airflow.providers.standard.hooks.subprocess.SubprocessHook"}
{"timestamp":"2026-06-28T21:51:03.143767","level":"info","event":"26/06/28 21:51:03 INFO BlockManagerMasterEndpoint: Registering block manager spark-worker-1:36715 with 434.4 MiB RAM, BlockManagerId(driver, spark-worker-1, 36715, None)","logger":"airflow.task.hooks.airflow.providers.standard.hooks.subprocess.SubprocessHook"}
{"timestamp":"2026-06-28T21:51:03.149287","level":"info","event":"26/06/28 21:51:03 INFO BlockManagerMaster: Registered BlockManager BlockManagerId(driver, spark-worker-1, 36715, None)","logger":"airflow.task.hooks.airflow.providers.standard.hooks.subprocess.SubprocessHook"}
{"timestamp":"2026-06-28T21:51:03.152156","level":"info","event":"26/06/28 21:51:03 INFO BlockManager: Initialized BlockManager: BlockManagerId(driver, spark-worker-1, 36715, None)","logger":"airflow.task.hooks.airflow.providers.standard.hooks.subprocess.SubprocessHook"}
{"timestamp":"2026-06-28T21:51:03.431673","level":"info","event":"26/06/28 21:51:03 INFO StandaloneAppClient$ClientEndpoint: Executor updated: app-20260628215103-0006/1 is now RUNNING","logger":"airflow.task.hooks.airflow.providers.standard.hooks.subprocess.SubprocessHook"}
{"timestamp":"2026-06-28T21:51:03.485602","level":"info","event":"26/06/28 21:51:03 INFO StandaloneAppClient$ClientEndpoint: Executor updated: app-20260628215103-0006/0 is now RUNNING","logger":"airflow.task.hooks.airflow.providers.standard.hooks.subprocess.SubprocessHook"}
{"timestamp":"2026-06-28T21:51:03.850847","level":"info","event":"26/06/28 21:51:03 INFO StandaloneSchedulerBackend: SchedulerBackend is ready for scheduling beginning after reached minRegisteredResourcesRatio: 0.0","logger":"airflow.task.hooks.airflow.providers.standard.hooks.subprocess.SubprocessHook"}
{"timestamp":"2026-06-28T21:51:04.684840","level":"info","event":"26/06/28 21:51:04 INFO SharedState: Setting hive.metastore.warehouse.dir ('null') to the value of spark.sql.warehouse.dir.","logger":"airflow.task.hooks.airflow.providers.standard.hooks.subprocess.SubprocessHook"}
{"timestamp":"2026-06-28T21:51:04.692947","level":"info","event":"26/06/28 21:51:04 INFO SharedState: Warehouse path is 'file:/opt/spark/work-dir/spark-warehouse'.","logger":"airflow.task.hooks.airflow.providers.standard.hooks.subprocess.SubprocessHook"}
{"timestamp":"2026-06-28T21:51:07.991769","level":"info","event":"26/06/28 21:51:07 WARN MetricsConfig: Cannot locate configuration: tried hadoop-metrics2-s3a-file-system.properties,hadoop-metrics2.properties","logger":"airflow.task.hooks.airflow.providers.standard.hooks.subprocess.SubprocessHook"}
{"timestamp":"2026-06-28T21:51:08.030506","level":"info","event":"26/06/28 21:51:08 INFO MetricsSystemImpl: Scheduled Metric snapshot period at 10 second(s).","logger":"airflow.task.hooks.airflow.providers.standard.hooks.subprocess.SubprocessHook"}
{"timestamp":"2026-06-28T21:51:08.030905","level":"info","event":"26/06/28 21:51:08 INFO MetricsSystemImpl: s3a-file-system metrics system started","logger":"airflow.task.hooks.airflow.providers.standard.hooks.subprocess.SubprocessHook"}
{"timestamp":"2026-06-28T21:51:09.230597","level":"info","event":"26/06/28 21:51:09 INFO StandaloneSchedulerBackend$StandaloneDriverEndpoint: Registered executor NettyRpcEndpointRef(spark-client://Executor) (172.18.0.7:58382) with ID 0,  ResourceProfileId 0","logger":"airflow.task.hooks.airflow.providers.standard.hooks.subprocess.SubprocessHook"}
{"timestamp":"2026-06-28T21:51:09.273957","level":"info","event":"26/06/28 21:51:09 INFO StandaloneSchedulerBackend$StandaloneDriverEndpoint: Registered executor NettyRpcEndpointRef(spark-client://Executor) (172.18.0.8:59676) with ID 1,  ResourceProfileId 0","logger":"airflow.task.hooks.airflow.providers.standard.hooks.subprocess.SubprocessHook"}
{"timestamp":"2026-06-28T21:51:09.441869","level":"info","event":"26/06/28 21:51:09 INFO BlockManagerMasterEndpoint: Registering block manager 172.18.0.7:37993 with 434.4 MiB RAM, BlockManagerId(0, 172.18.0.7, 37993, None)","logger":"airflow.task.hooks.airflow.providers.standard.hooks.subprocess.SubprocessHook"}
{"timestamp":"2026-06-28T21:51:09.450369","level":"info","event":"26/06/28 21:51:09 INFO BlockManagerMasterEndpoint: Registering block manager 172.18.0.8:45265 with 434.4 MiB RAM, BlockManagerId(1, 172.18.0.8, 45265, None)","logger":"airflow.task.hooks.airflow.providers.standard.hooks.subprocess.SubprocessHook"}
{"timestamp":"2026-06-28T21:51:13.305254","level":"info","event":"26/06/28 21:51:13 INFO DelegatingLogStore: LogStore `LogStoreAdapter(io.delta.storage.S3SingleDriverLogStore)` is used for scheme `s3a`","logger":"airflow.task.hooks.airflow.providers.standard.hooks.subprocess.SubprocessHook"}
{"timestamp":"2026-06-28T21:51:15.547263","level":"info","event":"26/06/28 21:51:15 INFO DeltaLog: Loading version 1.","logger":"airflow.task.hooks.airflow.providers.standard.hooks.subprocess.SubprocessHook"}
{"timestamp":"2026-06-28T21:51:21.324167","level":"info","event":"26/06/28 21:51:21 INFO DeltaLogFileIndex: Created DeltaLogFileIndex(JSON, numFilesInSegment: 2, totalFileSize: 4048)","logger":"airflow.task.hooks.airflow.providers.standard.hooks.subprocess.SubprocessHook"}
{"timestamp":"2026-06-28T21:51:24.286059","level":"info","event":"26/06/28 21:51:24 INFO DataSourceStrategy: Pruning directories with:","logger":"airflow.task.hooks.airflow.providers.standard.hooks.subprocess.SubprocessHook"}
{"timestamp":"2026-06-28T21:51:24.303447","level":"info","event":"26/06/28 21:51:24 INFO FileSourceStrategy: Pushed Filters:","logger":"airflow.task.hooks.airflow.providers.standard.hooks.subprocess.SubprocessHook"}
{"timestamp":"2026-06-28T21:51:24.308327","level":"info","event":"26/06/28 21:51:24 INFO FileSourceStrategy: Post-Scan Filters: ((isnotnull(protocol#11.minReaderVersion) OR isnotnull(metaData#10.id)) OR (isnotnull(commitInfo#12.inCommitTimestamp) AND (version#13L = 1)))","logger":"airflow.task.hooks.airflow.providers.standard.hooks.subprocess.SubprocessHook"}
{"timestamp":"2026-06-28T21:51:25.771984","level":"info","event":"26/06/28 21:51:25 INFO CodeGenerator: Code generated in 758.648653 ms","logger":"airflow.task.hooks.airflow.providers.standard.hooks.subprocess.SubprocessHook"}
{"timestamp":"2026-06-28T21:51:25.929288","level":"info","event":"26/06/28 21:51:25 INFO MemoryStore: Block broadcast_0 stored as values in memory (estimated size 216.9 KiB, free 434.2 MiB)","logger":"airflow.task.hooks.airflow.providers.standard.hooks.subprocess.SubprocessHook"}
{"timestamp":"2026-06-28T21:51:26.042240","level":"info","event":"26/06/28 21:51:26 INFO MemoryStore: Block broadcast_0_piece0 stored as bytes in memory (estimated size 38.0 KiB, free 434.2 MiB)","logger":"airflow.task.hooks.airflow.providers.standard.hooks.subprocess.SubprocessHook"}
{"timestamp":"2026-06-28T21:51:26.061962","level":"info","event":"26/06/28 21:51:26 INFO BlockManagerInfo: Added broadcast_0_piece0 in memory on spark-worker-1:36715 (size: 38.0 KiB, free: 434.4 MiB)","logger":"airflow.task.hooks.airflow.providers.standard.hooks.subprocess.SubprocessHook"}
{"timestamp":"2026-06-28T21:51:26.073109","level":"info","event":"26/06/28 21:51:26 INFO SparkContext: Created broadcast 0 from $anonfun$recordDeltaOperationInternal$1 at DatabricksLogging.scala:128","logger":"airflow.task.hooks.airflow.providers.standard.hooks.subprocess.SubprocessHook"}
{"timestamp":"2026-06-28T21:51:26.134736","level":"info","event":"26/06/28 21:51:26 INFO FileSourceScanExec: Planning scan with bin packing, max size: 4194304 bytes, open cost is considered as scanning 4194304 bytes.","logger":"airflow.task.hooks.airflow.providers.standard.hooks.subprocess.SubprocessHook"}
{"timestamp":"2026-06-28T21:51:26.535232","level":"info","event":"26/06/28 21:51:26 INFO SparkContext: Starting job: $anonfun$recordDeltaOperationInternal$1 at DatabricksLogging.scala:128","logger":"airflow.task.hooks.airflow.providers.standard.hooks.subprocess.SubprocessHook"}
{"timestamp":"2026-06-28T21:51:26.574986","level":"info","event":"26/06/28 21:51:26 INFO DAGScheduler: Got job 0 ($anonfun$recordDeltaOperationInternal$1 at DatabricksLogging.scala:128) with 2 output partitions","logger":"airflow.task.hooks.airflow.providers.standard.hooks.subprocess.SubprocessHook"}
{"timestamp":"2026-06-28T21:51:26.576049","level":"info","event":"26/06/28 21:51:26 INFO DAGScheduler: Final stage: ResultStage 0 ($anonfun$recordDeltaOperationInternal$1 at DatabricksLogging.scala:128)","logger":"airflow.task.hooks.airflow.providers.standard.hooks.subprocess.SubprocessHook"}
{"timestamp":"2026-06-28T21:51:26.576371","level":"info","event":"26/06/28 21:51:26 INFO DAGScheduler: Parents of final stage: List()","logger":"airflow.task.hooks.airflow.providers.standard.hooks.subprocess.SubprocessHook"}
{"timestamp":"2026-06-28T21:51:26.578931","level":"info","event":"26/06/28 21:51:26 INFO DAGScheduler: Missing parents: List()","logger":"airflow.task.hooks.airflow.providers.standard.hooks.subprocess.SubprocessHook"}
{"timestamp":"2026-06-28T21:51:26.587609","level":"info","event":"26/06/28 21:51:26 INFO DAGScheduler: Submitting ResultStage 0 (MapPartitionsRDD[3] at $anonfun$recordDeltaOperationInternal$1 at DatabricksLogging.scala:128), which has no missing parents","logger":"airflow.task.hooks.airflow.providers.standard.hooks.subprocess.SubprocessHook"}
{"timestamp":"2026-06-28T21:51:26.622355","level":"info","event":"26/06/28 21:51:26 INFO MemoryStore: Block broadcast_1 stored as values in memory (estimated size 55.2 KiB, free 434.1 MiB)","logger":"airflow.task.hooks.airflow.providers.standard.hooks.subprocess.SubprocessHook"}
{"timestamp":"2026-06-28T21:51:26.636766","level":"info","event":"26/06/28 21:51:26 INFO MemoryStore: Block broadcast_1_piece0 stored as bytes in memory (estimated size 17.1 KiB, free 434.1 MiB)","logger":"airflow.task.hooks.airflow.providers.standard.hooks.subprocess.SubprocessHook"}
{"timestamp":"2026-06-28T21:51:26.637205","level":"info","event":"26/06/28 21:51:26 INFO BlockManagerInfo: Added broadcast_1_piece0 in memory on spark-worker-1:36715 (size: 17.1 KiB, free: 434.3 MiB)","logger":"airflow.task.hooks.airflow.providers.standard.hooks.subprocess.SubprocessHook"}
{"timestamp":"2026-06-28T21:51:26.639089","level":"info","event":"26/06/28 21:51:26 INFO SparkContext: Created broadcast 1 from broadcast at DAGScheduler.scala:1585","logger":"airflow.task.hooks.airflow.providers.standard.hooks.subprocess.SubprocessHook"}
{"timestamp":"2026-06-28T21:51:26.672721","level":"info","event":"26/06/28 21:51:26 INFO DAGScheduler: Submitting 2 missing tasks from ResultStage 0 (MapPartitionsRDD[3] at $anonfun$recordDeltaOperationInternal$1 at DatabricksLogging.scala:128) (first 15 tasks are for partitions Vector(0, 1))","logger":"airflow.task.hooks.airflow.providers.standard.hooks.subprocess.SubprocessHook"}
{"timestamp":"2026-06-28T21:51:26.675856","level":"info","event":"26/06/28 21:51:26 INFO TaskSchedulerImpl: Adding task set 0.0 with 2 tasks resource profile 0","logger":"airflow.task.hooks.airflow.providers.standard.hooks.subprocess.SubprocessHook"}
{"timestamp":"2026-06-28T21:51:26.752755","level":"info","event":"26/06/28 21:51:26 INFO TaskSetManager: Starting task 0.0 in stage 0.0 (TID 0) (172.18.0.8, executor 1, partition 0, PROCESS_LOCAL, 11547 bytes)","logger":"airflow.task.hooks.airflow.providers.standard.hooks.subprocess.SubprocessHook"}
{"timestamp":"2026-06-28T21:51:26.760024","level":"info","event":"26/06/28 21:51:26 INFO TaskSetManager: Starting task 1.0 in stage 0.0 (TID 1) (172.18.0.7, executor 0, partition 1, PROCESS_LOCAL, 11547 bytes)","logger":"airflow.task.hooks.airflow.providers.standard.hooks.subprocess.SubprocessHook"}
{"timestamp":"2026-06-28T21:51:27.353336","level":"info","event":"26/06/28 21:51:27 INFO BlockManagerInfo: Added broadcast_1_piece0 in memory on 172.18.0.8:45265 (size: 17.1 KiB, free: 434.4 MiB)","logger":"airflow.task.hooks.airflow.providers.standard.hooks.subprocess.SubprocessHook"}
{"timestamp":"2026-06-28T21:51:27.355097","level":"info","event":"26/06/28 21:51:27 INFO BlockManagerInfo: Added broadcast_1_piece0 in memory on 172.18.0.7:37993 (size: 17.1 KiB, free: 434.4 MiB)","logger":"airflow.task.hooks.airflow.providers.standard.hooks.subprocess.SubprocessHook"}
{"timestamp":"2026-06-28T21:51:30.007223","level":"info","event":"26/06/28 21:51:30 INFO BlockManagerInfo: Added broadcast_0_piece0 in memory on 172.18.0.8:45265 (size: 38.0 KiB, free: 434.3 MiB)","logger":"airflow.task.hooks.airflow.providers.standard.hooks.subprocess.SubprocessHook"}
{"timestamp":"2026-06-28T21:51:30.181292","level":"info","event":"26/06/28 21:51:30 INFO BlockManagerInfo: Added broadcast_0_piece0 in memory on 172.18.0.7:37993 (size: 38.0 KiB, free: 434.3 MiB)","logger":"airflow.task.hooks.airflow.providers.standard.hooks.subprocess.SubprocessHook"}
{"timestamp":"2026-06-28T21:51:36.139141","level":"info","event":"26/06/28 21:51:36 INFO TaskSetManager: Finished task 0.0 in stage 0.0 (TID 0) in 9410 ms on 172.18.0.8 (executor 1) (1/2)","logger":"airflow.task.hooks.airflow.providers.standard.hooks.subprocess.SubprocessHook"}
{"timestamp":"2026-06-28T21:51:36.141485","level":"info","event":"26/06/28 21:51:36 INFO TaskSetManager: Finished task 1.0 in stage 0.0 (TID 1) in 9382 ms on 172.18.0.7 (executor 0) (2/2)","logger":"airflow.task.hooks.airflow.providers.standard.hooks.subprocess.SubprocessHook"}
{"timestamp":"2026-06-28T21:51:36.143297","level":"info","event":"26/06/28 21:51:36 INFO TaskSchedulerImpl: Removed TaskSet 0.0, whose tasks have all completed, from pool","logger":"airflow.task.hooks.airflow.providers.standard.hooks.subprocess.SubprocessHook"}
{"timestamp":"2026-06-28T21:51:36.153452","level":"info","event":"26/06/28 21:51:36 INFO DAGScheduler: ResultStage 0 ($anonfun$recordDeltaOperationInternal$1 at DatabricksLogging.scala:128) finished in 9.541 s","logger":"airflow.task.hooks.airflow.providers.standard.hooks.subprocess.SubprocessHook"}
{"timestamp":"2026-06-28T21:51:36.169671","level":"info","event":"26/06/28 21:51:36 INFO DAGScheduler: Job 0 is finished. Cancelling potential speculative or zombie tasks for this job","logger":"airflow.task.hooks.airflow.providers.standard.hooks.subprocess.SubprocessHook"}
{"timestamp":"2026-06-28T21:51:36.170119","level":"info","event":"26/06/28 21:51:36 INFO TaskSchedulerImpl: Killing all running tasks in stage 0: Stage finished","logger":"airflow.task.hooks.airflow.providers.standard.hooks.subprocess.SubprocessHook"}
{"timestamp":"2026-06-28T21:51:36.175191","level":"info","event":"26/06/28 21:51:36 INFO DAGScheduler: Job 0 finished: $anonfun$recordDeltaOperationInternal$1 at DatabricksLogging.scala:128, took 9.639664 s","logger":"airflow.task.hooks.airflow.providers.standard.hooks.subprocess.SubprocessHook"}
{"timestamp":"2026-06-28T21:51:36.346274","level":"info","event":"26/06/28 21:51:36 INFO CodeGenerator: Code generated in 96.228028 ms","logger":"airflow.task.hooks.airflow.providers.standard.hooks.subprocess.SubprocessHook"}
{"timestamp":"2026-06-28T21:51:36.515335","level":"info","event":"26/06/28 21:51:36 INFO BlockManagerInfo: Removed broadcast_1_piece0 on 172.18.0.8:45265 in memory (size: 17.1 KiB, free: 434.4 MiB)","logger":"airflow.task.hooks.airflow.providers.standard.hooks.subprocess.SubprocessHook"}
{"timestamp":"2026-06-28T21:51:36.528272","level":"info","event":"26/06/28 21:51:36 INFO BlockManagerInfo: Removed broadcast_1_piece0 on spark-worker-1:36715 in memory (size: 17.1 KiB, free: 434.4 MiB)","logger":"airflow.task.hooks.airflow.providers.standard.hooks.subprocess.SubprocessHook"}
{"timestamp":"2026-06-28T21:51:36.532380","level":"info","event":"26/06/28 21:51:36 INFO BlockManagerInfo: Removed broadcast_1_piece0 on 172.18.0.7:37993 in memory (size: 17.1 KiB, free: 434.4 MiB)","logger":"airflow.task.hooks.airflow.providers.standard.hooks.subprocess.SubprocessHook"}
{"timestamp":"2026-06-28T21:51:36.661068","level":"info","event":"26/06/28 21:51:36 INFO Snapshot: [tableId=a6a9aa1f-2b52-42b1-9562-f8ebc7f1423c] Created snapshot Snapshot(path=s3a://rapido-data/silver/drivers/_delta_log, version=1, metadata=Metadata(afc64769-fb1b-43a7-ad8a-3a40f6c3f4d8,null,null,Format(parquet,Map()),{\"type\":\"struct\",\"fields\":[{\"name\":\"driver_id\",\"type\":\"string\",\"nullable\":true,\"metadata\":{}},{\"name\":\"driver_name\",\"type\":\"string\",\"nullable\":true,\"metadata\":{}},{\"name\":\"vehicle_type\",\"type\":\"string\",\"nullable\":true,\"metadata\":{}},{\"name\":\"vehicle_no\",\"type\":\"string\",\"nullable\":true,\"metadata\":{}},{\"name\":\"total_rides\",\"type\":\"integer\",\"nullable\":true,\"metadata\":{}},{\"name\":\"avg_rating\",\"type\":\"decimal(3,1)\",\"nullable\":true,\"metadata\":{}},{\"name\":\"is_active\",\"type\":\"boolean\",\"nullable\":true,\"metadata\":{}},{\"name\":\"created_at\",\"type\":\"timestamp\",\"nullable\":true,\"metadata\":{}},{\"name\":\"updated_at\",\"type\":\"timestamp\",\"nullable\":true,\"metadata\":{}}]},List(),Map(delta.enableChangeDataFeed -> true),Some(1782683206221)), logSegment=LogSegment(s3a://rapido-data/silver/drivers/_delta_log,1,WrappedArray(S3AFileStatus{path=s3a://rapido-data/silver/drivers/_delta_log/00000000000000000000.json; isDirectory=false; length=2317; replication=1; blocksize=33554432; modification_time=1782683234000; access_time=0; owner=spark; group=spark; permission=rw-rw-rw-; isSymlink=false; hasAcl=false; isEncrypted=true; isErasureCoded=false} isEmptyDirectory=FALSE eTag=0c54fba93b745e604ddcc4b2c3e40dc2 versionId=null, S3AFileStatus{path=s3a://rapido-data/silver/drivers/_delta_log/00000000000000000001.json; isDirectory=false; length=1731; replication=1; blocksize=33554432; modification_time=1782683373000; access_time=0; owner=spark; group=spark; permission=rw-rw-rw-; isSymlink=false; hasAcl=false; isEncrypted=true; isErasureCoded=false} isEmptyDirectory=FALSE eTag=cfe8b44fc5e836b9a0c4369059b13a40 versionId=null),org.apache.spark.sql.delta.EmptyCheckpointProvider$@344102e8,1782683373000), checksumOpt=None)","logger":"airflow.task.hooks.airflow.providers.standard.hooks.subprocess.SubprocessHook"}
{"timestamp":"2026-06-28T21:51:36.358304","level":"info","event":"26/06/28 21:51:36 INFO DeltaLog: Updated snapshot to Snapshot(path=s3a://rapido-data/silver/drivers/_delta_log, version=1, metadata=Metadata(afc64769-fb1b-43a7-ad8a-3a40f6c3f4d8,null,null,Format(parquet,Map()),{\"type\":\"struct\",\"fields\":[{\"name\":\"driver_id\",\"type\":\"string\",\"nullable\":true,\"metadata\":{}},{\"name\":\"driver_name\",\"type\":\"string\",\"nullable\":true,\"metadata\":{}},{\"name\":\"vehicle_type\",\"type\":\"string\",\"nullable\":true,\"metadata\":{}},{\"name\":\"vehicle_no\",\"type\":\"string\",\"nullable\":true,\"metadata\":{}},{\"name\":\"total_rides\",\"type\":\"integer\",\"nullable\":true,\"metadata\":{}},{\"name\":\"avg_rating\",\"type\":\"decimal(3,1)\",\"nullable\":true,\"metadata\":{}},{\"name\":\"is_active\",\"type\":\"boolean\",\"nullable\":true,\"metadata\":{}},{\"name\":\"created_at\",\"type\":\"timestamp\",\"nullable\":true,\"metadata\":{}},{\"name\":\"updated_at\",\"type\":\"timestamp\",\"nullable\":true,\"metadata\":{}}]},List(),Map(delta.enableChangeDataFeed -> true),Some(1782683206221)), logSegment=LogSegment(s3a://rapido-data/silver/drivers/_delta_log,1,WrappedArray(S3AFileStatus{path=s3a://rapido-data/silver/drivers/_delta_log/00000000000000000000.json; isDirectory=false; length=2317; replication=1; blocksize=33554432; modification_time=1782683234000; access_time=0; owner=spark; group=spark; permission=rw-rw-rw-; isSymlink=false; hasAcl=false; isEncrypted=true; isErasureCoded=false} isEmptyDirectory=FALSE eTag=0c54fba93b745e604ddcc4b2c3e40dc2 versionId=null, S3AFileStatus{path=s3a://rapido-data/silver/drivers/_delta_log/00000000000000000001.json; isDirectory=false; length=1731; replication=1; blocksize=33554432; modification_time=1782683373000; access_time=0; owner=spark; group=spark; permission=rw-rw-rw-; isSymlink=false; hasAcl=false; isEncrypted=true; isErasureCoded=false} isEmptyDirectory=FALSE eTag=cfe8b44fc5e836b9a0c4369059b13a40 versionId=null),org.apache.spark.sql.delta.EmptyCheckpointProvider$@344102e8,1782683373000), checksumOpt=None)","logger":"airflow.task.hooks.airflow.providers.standard.hooks.subprocess.SubprocessHook"}
{"timestamp":"2026-06-28T21:51:36.494801","level":"info","event":"read drivers table done","logger":"airflow.task.hooks.airflow.providers.standard.hooks.subprocess.SubprocessHook"}
{"timestamp":"2026-06-28T21:51:36.435179","level":"info","event":"26/06/28 21:51:36 INFO BlockManagerInfo: Removed broadcast_0_piece0 on spark-worker-1:36715 in memory (size: 38.0 KiB, free: 434.4 MiB)","logger":"airflow.task.hooks.airflow.providers.standard.hooks.subprocess.SubprocessHook"}
{"timestamp":"2026-06-28T21:51:36.442881","level":"info","event":"26/06/28 21:51:36 INFO BlockManagerInfo: Removed broadcast_0_piece0 on 172.18.0.8:45265 in memory (size: 38.0 KiB, free: 434.4 MiB)","logger":"airflow.task.hooks.airflow.providers.standard.hooks.subprocess.SubprocessHook"}
{"timestamp":"2026-06-28T21:51:36.443287","level":"info","event":"26/06/28 21:51:36 INFO BlockManagerInfo: Removed broadcast_0_piece0 on 172.18.0.7:37993 in memory (size: 38.0 KiB, free: 434.4 MiB)","logger":"airflow.task.hooks.airflow.providers.standard.hooks.subprocess.SubprocessHook"}
{"timestamp":"2026-06-28T21:51:36.540376","level":"info","event":"Traceback (most recent call last):","logger":"airflow.task.hooks.airflow.providers.standard.hooks.subprocess.SubprocessHook"}
{"timestamp":"2026-06-28T21:51:36.540715","level":"info","event":"  File \"/opt/spark-apps/staging_snowflake.py\", line 31, in <module>","logger":"airflow.task.hooks.airflow.providers.standard.hooks.subprocess.SubprocessHook"}
{"timestamp":"2026-06-28T21:51:36.549244","level":"info","event":"    df.write.format(\"snowflake\")\\","logger":"airflow.task.hooks.airflow.providers.standard.hooks.subprocess.SubprocessHook"}
{"timestamp":"2026-06-28T21:51:36.549699","level":"info","event":"  File \"/opt/spark/python/lib/pyspark.zip/pyspark/sql/readwriter.py\", line 1461, in save","logger":"airflow.task.hooks.airflow.providers.standard.hooks.subprocess.SubprocessHook"}
{"timestamp":"2026-06-28T21:51:36.550601","level":"info","event":"  File \"/opt/spark/python/lib/py4j-0.10.9.7-src.zip/py4j/java_gateway.py\", line 1322, in __call__","logger":"airflow.task.hooks.airflow.providers.standard.hooks.subprocess.SubprocessHook"}
{"timestamp":"2026-06-28T21:51:36.552689","level":"info","event":"  File \"/opt/spark/python/lib/pyspark.zip/pyspark/errors/exceptions/captured.py\", line 179, in deco","logger":"airflow.task.hooks.airflow.providers.standard.hooks.subprocess.SubprocessHook"}
{"timestamp":"2026-06-28T21:51:36.555092","level":"info","event":"  File \"/opt/spark/python/lib/py4j-0.10.9.7-src.zip/py4j/protocol.py\", line 326, in get_return_value","logger":"airflow.task.hooks.airflow.providers.standard.hooks.subprocess.SubprocessHook"}
{"timestamp":"2026-06-28T21:51:36.558676","level":"info","event":"py4j.protocol.Py4JJavaError: An error occurred while calling o54.save.","logger":"airflow.task.hooks.airflow.providers.standard.hooks.subprocess.SubprocessHook"}
{"timestamp":"2026-06-28T21:51:36.559081","level":"info","event":": org.apache.spark.SparkClassNotFoundException: [DATA_SOURCE_NOT_FOUND] Failed to find the data source: snowflake. Please find packages at `https://spark.apache.org/third-party-projects.html`.","logger":"airflow.task.hooks.airflow.providers.standard.hooks.subprocess.SubprocessHook"}
{"timestamp":"2026-06-28T21:51:36.559374","level":"info","event":"\tat org.apache.spark.sql.errors.QueryExecutionErrors$.dataSourceNotFoundError(QueryExecutionErrors.scala:724)","logger":"airflow.task.hooks.airflow.providers.standard.hooks.subprocess.SubprocessHook"}
{"timestamp":"2026-06-28T21:51:36.559631","level":"info","event":"\tat org.apache.spark.sql.execution.datasources.DataSource$.lookupDataSource(DataSource.scala:647)","logger":"airflow.task.hooks.airflow.providers.standard.hooks.subprocess.SubprocessHook"}
{"timestamp":"2026-06-28T21:51:36.559895","level":"info","event":"\tat org.apache.spark.sql.execution.datasources.DataSource$.lookupDataSourceV2(DataSource.scala:697)","logger":"airflow.task.hooks.airflow.providers.standard.hooks.subprocess.SubprocessHook"}
{"timestamp":"2026-06-28T21:51:36.560105","level":"info","event":"\tat org.apache.spark.sql.DataFrameWriter.lookupV2Provider(DataFrameWriter.scala:863)","logger":"airflow.task.hooks.airflow.providers.standard.hooks.subprocess.SubprocessHook"}
{"timestamp":"2026-06-28T21:51:36.560370","level":"info","event":"\tat org.apache.spark.sql.DataFrameWriter.saveInternal(DataFrameWriter.scala:257)","logger":"airflow.task.hooks.airflow.providers.standard.hooks.subprocess.SubprocessHook"}
{"timestamp":"2026-06-28T21:51:36.561152","level":"info","event":"\tat org.apache.spark.sql.DataFrameWriter.save(DataFrameWriter.scala:248)","logger":"airflow.task.hooks.airflow.providers.standard.hooks.subprocess.SubprocessHook"}
{"timestamp":"2026-06-28T21:51:36.561416","level":"info","event":"\tat java.base/jdk.internal.reflect.NativeMethodAccessorImpl.invoke0(Native Method)","logger":"airflow.task.hooks.airflow.providers.standard.hooks.subprocess.SubprocessHook"}
{"timestamp":"2026-06-28T21:51:36.561648","level":"info","event":"\tat java.base/jdk.internal.reflect.NativeMethodAccessorImpl.invoke(Unknown Source)","logger":"airflow.task.hooks.airflow.providers.standard.hooks.subprocess.SubprocessHook"}
{"timestamp":"2026-06-28T21:51:36.561876","level":"info","event":"\tat java.base/jdk.internal.reflect.DelegatingMethodAccessorImpl.invoke(Unknown Source)","logger":"airflow.task.hooks.airflow.providers.standard.hooks.subprocess.SubprocessHook"}
{"timestamp":"2026-06-28T21:51:36.562233","level":"info","event":"\tat java.base/java.lang.reflect.Method.invoke(Unknown Source)","logger":"airflow.task.hooks.airflow.providers.standard.hooks.subprocess.SubprocessHook"}
{"timestamp":"2026-06-28T21:51:36.562471","level":"info","event":"\tat py4j.reflection.MethodInvoker.invoke(MethodInvoker.java:244)","logger":"airflow.task.hooks.airflow.providers.standard.hooks.subprocess.SubprocessHook"}
{"timestamp":"2026-06-28T21:51:36.562736","level":"info","event":"\tat py4j.reflection.ReflectionEngine.invoke(ReflectionEngine.java:374)","logger":"airflow.task.hooks.airflow.providers.standard.hooks.subprocess.SubprocessHook"}
{"timestamp":"2026-06-28T21:51:36.562955","level":"info","event":"\tat py4j.Gateway.invoke(Gateway.java:282)","logger":"airflow.task.hooks.airflow.providers.standard.hooks.subprocess.SubprocessHook"}
{"timestamp":"2026-06-28T21:51:36.563180","level":"info","event":"\tat py4j.commands.AbstractCommand.invokeMethod(AbstractCommand.java:132)","logger":"airflow.task.hooks.airflow.providers.standard.hooks.subprocess.SubprocessHook"}
{"timestamp":"2026-06-28T21:51:36.563385","level":"info","event":"\tat py4j.commands.CallCommand.execute(CallCommand.java:79)","logger":"airflow.task.hooks.airflow.providers.standard.hooks.subprocess.SubprocessHook"}
{"timestamp":"2026-06-28T21:51:36.563592","level":"info","event":"\tat py4j.ClientServerConnection.waitForCommands(ClientServerConnection.java:182)","logger":"airflow.task.hooks.airflow.providers.standard.hooks.subprocess.SubprocessHook"}
{"timestamp":"2026-06-28T21:51:36.563872","level":"info","event":"\tat py4j.ClientServerConnection.run(ClientServerConnection.java:106)","logger":"airflow.task.hooks.airflow.providers.standard.hooks.subprocess.SubprocessHook"}
{"timestamp":"2026-06-28T21:51:36.564084","level":"info","event":"\tat java.base/java.lang.Thread.run(Unknown Source)","logger":"airflow.task.hooks.airflow.providers.standard.hooks.subprocess.SubprocessHook"}
{"timestamp":"2026-06-28T21:51:36.564247","level":"info","event":"Caused by: java.lang.ClassNotFoundException: snowflake.DefaultSource","logger":"airflow.task.hooks.airflow.providers.standard.hooks.subprocess.SubprocessHook"}
{"timestamp":"2026-06-28T21:51:36.564360","level":"info","event":"\tat java.base/java.net.URLClassLoader.findClass(Unknown Source)","logger":"airflow.task.hooks.airflow.providers.standard.hooks.subprocess.SubprocessHook"}
{"timestamp":"2026-06-28T21:51:36.564454","level":"info","event":"\tat java.base/java.lang.ClassLoader.loadClass(Unknown Source)","logger":"airflow.task.hooks.airflow.providers.standard.hooks.subprocess.SubprocessHook"}
{"timestamp":"2026-06-28T21:51:36.564621","level":"info","event":"\tat java.base/java.lang.ClassLoader.loadClass(Unknown Source)","logger":"airflow.task.hooks.airflow.providers.standard.hooks.subprocess.SubprocessHook"}
{"timestamp":"2026-06-28T21:51:36.564856","level":"info","event":"\tat org.apache.spark.sql.execution.datasources.DataSource$.$anonfun$lookupDataSource$5(DataSource.scala:633)","logger":"airflow.task.hooks.airflow.providers.standard.hooks.subprocess.SubprocessHook"}
{"timestamp":"2026-06-28T21:51:36.565118","level":"info","event":"\tat scala.util.Try$.apply(Try.scala:213)","logger":"airflow.task.hooks.airflow.providers.standard.hooks.subprocess.SubprocessHook"}
{"timestamp":"2026-06-28T21:51:36.565329","level":"info","event":"\tat org.apache.spark.sql.execution.datasources.DataSource$.$anonfun$lookupDataSource$4(DataSource.scala:633)","logger":"airflow.task.hooks.airflow.providers.standard.hooks.subprocess.SubprocessHook"}
{"timestamp":"2026-06-28T21:51:36.565489","level":"info","event":"\tat scala.util.Failure.orElse(Try.scala:224)","logger":"airflow.task.hooks.airflow.providers.standard.hooks.subprocess.SubprocessHook"}
{"timestamp":"2026-06-28T21:51:36.565624","level":"info","event":"\tat org.apache.spark.sql.execution.datasources.DataSource$.lookupDataSource(DataSource.scala:633)","logger":"airflow.task.hooks.airflow.providers.standard.hooks.subprocess.SubprocessHook"}
{"timestamp":"2026-06-28T21:51:36.565754","level":"info","event":"\t... 16 more","logger":"airflow.task.hooks.airflow.providers.standard.hooks.subprocess.SubprocessHook"}
{"timestamp":"2026-06-28T21:51:36.566196","level":"info","event":"","logger":"airflow.task.hooks.airflow.providers.standard.hooks.subprocess.SubprocessHook"}
{"timestamp":"2026-06-28T21:51:36.676058","level":"info","event":"26/06/28 21:51:36 INFO SparkContext: Invoking stop() from shutdown hook","logger":"airflow.task.hooks.airflow.providers.standard.hooks.subprocess.SubprocessHook"}
{"timestamp":"2026-06-28T21:51:36.678675","level":"info","event":"26/06/28 21:51:36 INFO SparkContext: SparkContext is stopping with exitCode 0.","logger":"airflow.task.hooks.airflow.providers.standard.hooks.subprocess.SubprocessHook"}
{"timestamp":"2026-06-28T21:51:36.730443","level":"info","event":"26/06/28 21:51:36 INFO SparkUI: Stopped Spark web UI at http://spark-worker-1:4040","logger":"airflow.task.hooks.airflow.providers.standard.hooks.subprocess.SubprocessHook"}
{"timestamp":"2026-06-28T21:51:36.741878","level":"info","event":"26/06/28 21:51:36 INFO StandaloneSchedulerBackend: Shutting down all executors","logger":"airflow.task.hooks.airflow.providers.standard.hooks.subprocess.SubprocessHook"}
{"timestamp":"2026-06-28T21:51:36.742669","level":"info","event":"26/06/28 21:51:36 INFO StandaloneSchedulerBackend$StandaloneDriverEndpoint: Asking each executor to shut down","logger":"airflow.task.hooks.airflow.providers.standard.hooks.subprocess.SubprocessHook"}
{"timestamp":"2026-06-28T21:51:36.789568","level":"info","event":"26/06/28 21:51:36 INFO MapOutputTrackerMasterEndpoint: MapOutputTrackerMasterEndpoint stopped!","logger":"airflow.task.hooks.airflow.providers.standard.hooks.subprocess.SubprocessHook"}
{"timestamp":"2026-06-28T21:51:36.830373","level":"info","event":"26/06/28 21:51:36 INFO MemoryStore: MemoryStore cleared","logger":"airflow.task.hooks.airflow.providers.standard.hooks.subprocess.SubprocessHook"}
{"timestamp":"2026-06-28T21:51:36.830953","level":"info","event":"26/06/28 21:51:36 INFO BlockManager: BlockManager stopped","logger":"airflow.task.hooks.airflow.providers.standard.hooks.subprocess.SubprocessHook"}
{"timestamp":"2026-06-28T21:51:36.837659","level":"info","event":"26/06/28 21:51:36 INFO BlockManagerMaster: BlockManagerMaster stopped","logger":"airflow.task.hooks.airflow.providers.standard.hooks.subprocess.SubprocessHook"}
{"timestamp":"2026-06-28T21:51:36.843807","level":"info","event":"26/06/28 21:51:36 INFO OutputCommitCoordinator$OutputCommitCoordinatorEndpoint: OutputCommitCoordinator stopped!","logger":"airflow.task.hooks.airflow.providers.standard.hooks.subprocess.SubprocessHook"}
{"timestamp":"2026-06-28T21:51:36.905234","level":"info","event":"26/06/28 21:51:36 INFO SparkContext: Successfully stopped SparkContext","logger":"airflow.task.hooks.airflow.providers.standard.hooks.subprocess.SubprocessHook"}
{"timestamp":"2026-06-28T21:51:36.905822","level":"info","event":"26/06/28 21:51:36 INFO ShutdownHookManager: Shutdown hook called","logger":"airflow.task.hooks.airflow.providers.standard.hooks.subprocess.SubprocessHook"}
{"timestamp":"2026-06-28T21:51:36.907179","level":"info","event":"26/06/28 21:51:36 INFO ShutdownHookManager: Deleting directory /tmp/spark-f623abb3-2b2c-426e-a713-5aaf556959bd","logger":"airflow.task.hooks.airflow.providers.standard.hooks.subprocess.SubprocessHook"}
{"timestamp":"2026-06-28T21:51:36.917707","level":"info","event":"26/06/28 21:51:36 INFO ShutdownHookManager: Deleting directory /tmp/spark-f623abb3-2b2c-426e-a713-5aaf556959bd/pyspark-eca20499-7d1c-4e2b-be1c-21d5cfe57834","logger":"airflow.task.hooks.airflow.providers.standard.hooks.subprocess.SubprocessHook"}
{"timestamp":"2026-06-28T21:51:36.928229","level":"info","event":"26/06/28 21:51:36 INFO ShutdownHookManager: Deleting directory /tmp/spark-83c42932-57ae-4e08-93b5-16d970676c87","logger":"airflow.task.hooks.airflow.providers.standard.hooks.subprocess.SubprocessHook"}
{"timestamp":"2026-06-28T21:51:36.948676","level":"info","event":"26/06/28 21:51:36 INFO MetricsSystemImpl: Stopping s3a-file-system metrics system...","logger":"airflow.task.hooks.airflow.providers.standard.hooks.subprocess.SubprocessHook"}
{"timestamp":"2026-06-28T21:51:36.949596","level":"info","event":"26/06/28 21:51:36 INFO MetricsSystemImpl: s3a-file-system metrics system stopped.","logger":"airflow.task.hooks.airflow.providers.standard.hooks.subprocess.SubprocessHook"}
{"timestamp":"2026-06-28T21:51:36.949800","level":"info","event":"26/06/28 21:51:36 INFO MetricsSystemImpl: s3a-file-system metrics system shutdown complete.","logger":"airflow.task.hooks.airflow.providers.standard.hooks.subprocess.SubprocessHook"}
{"timestamp":"2026-06-28T21:51:37.250902","level":"info","event":"Command exited with return code 1","logger":"airflow.task.hooks.airflow.providers.standard.hooks.subprocess.SubprocessHook"}
{"timestamp":"2026-06-28T21:51:37.254861","level":"error","event":"Task failed with exception","logger":"task","error_detail":[{"exc_type":"AirflowException","exc_value":"Bash command failed. The command returned a non-zero exit code 1.","exc_notes":[],"syntax_error":null,"is_cause":false,"frames":[{"filename":"/home/airflow/.local/lib/python3.12/site-packages/airflow/sdk/execution_time/task_runner.py","lineno":838,"name":"run"},{"filename":"/home/airflow/.local/lib/python3.12/site-packages/airflow/sdk/execution_time/task_runner.py","lineno":1130,"name":"_execute_task"},{"filename":"/home/airflow/.local/lib/python3.12/site-packages/airflow/sdk/bases/operator.py","lineno":408,"name":"wrapper"},{"filename":"/home/airflow/.local/lib/python3.12/site-packages/airflow/providers/standard/operators/bash.py","lineno":233,"name":"execute"}]}]}
